已經開始建置於 2015/5/15 上午 01:36:03。
     1>節點 2 (build 目標) 上的專案 "D:\computerGraphics\CG_HW3_sample\CG_HW3\CG_HW3\CG_HW3.vcxproj"。
     1>InitializeBuildStatus:
         由於指定了 "AlwaysCreate"，因此正在建立 "Debug\CG_HW3.unsuccessfulbuild"。
       ClCompile:
         所有輸出都是最新的。
         C:\Program Files (x86)\Microsoft Visual Studio 10.0\VC\bin\CL.exe /c /I..\..\include /ZI /nologo /W3 /WX- /Od /Oy- /D WIN32 /D _DEBUG /D _CONSOLE /D _UNICODE /D UNICODE /Gm /EHsc /RTC1 /MDd /GS /fp:precise /Zc:wchar_t /Zc:forScope /Fo"Debug\\" /Fd"Debug\vc100.pdb" /Gd /TP /analyze- /errorReport:prompt main.cpp
         main.cpp
     1>d:\computergraphics\cg_hw3_sample\cg_hw3\cg_hw3\main.cpp(22): warning C4005: 'far' : 巨集重複定義
                 c:\program files (x86)\microsoft sdks\windows\v7.0a\include\windef.h(91) : 請參閱 'far' 之前的定義
     1>d:\computergraphics\cg_hw3_sample\cg_hw3\cg_hw3\main.cpp(23): warning C4005: 'near' : 巨集重複定義
                 c:\program files (x86)\microsoft sdks\windows\v7.0a\include\windef.h(92) : 請參閱 'near' 之前的定義
     1>d:\computergraphics\cg_hw3_sample\cg_hw3\cg_hw3\main.cpp(236): warning C4244: '引數' : 將 'double' 轉換為 'float'，由於型別不同，可能導致資料遺失
     1>d:\computergraphics\cg_hw3_sample\cg_hw3\cg_hw3\main.cpp(236): warning C4244: '引數' : 將 'double' 轉換為 'float'，由於型別不同，可能導致資料遺失
     1>d:\computergraphics\cg_hw3_sample\cg_hw3\cg_hw3\main.cpp(236): warning C4244: '引數' : 將 'double' 轉換為 'float'，由於型別不同，可能導致資料遺失
     1>d:\computergraphics\cg_hw3_sample\cg_hw3\cg_hw3\main.cpp(390): warning C4244: '=' : 將 'int' 轉換為 'float'，由於型別不同，可能導致資料遺失
     1>d:\computergraphics\cg_hw3_sample\cg_hw3\cg_hw3\main.cpp(391): warning C4244: '=' : 將 'int' 轉換為 'float'，由於型別不同，可能導致資料遺失
     1>d:\computergraphics\cg_hw3_sample\cg_hw3\cg_hw3\main.cpp(422): warning C4244: '引數' : 將 'double' 轉換為 'float'，由於型別不同，可能導致資料遺失
     1>d:\computergraphics\cg_hw3_sample\cg_hw3\cg_hw3\main.cpp(422): warning C4244: '引數' : 將 'double' 轉換為 'float'，由於型別不同，可能導致資料遺失
     1>d:\computergraphics\cg_hw3_sample\cg_hw3\cg_hw3\main.cpp(422): warning C4244: '引數' : 將 'double' 轉換為 'float'，由於型別不同，可能導致資料遺失
     1>d:\computergraphics\cg_hw3_sample\cg_hw3\cg_hw3\main.cpp(423): warning C4305: '引數' : 從 'double' 轉換為 'float'，是由較大的型別轉換為較小的型別，可能導致資料遺失
     1>d:\computergraphics\cg_hw3_sample\cg_hw3\cg_hw3\main.cpp(423): warning C4305: '引數' : 從 'double' 轉換為 'float'，是由較大的型別轉換為較小的型別，可能導致資料遺失
     1>d:\computergraphics\cg_hw3_sample\cg_hw3\cg_hw3\main.cpp(423): warning C4305: '引數' : 從 'double' 轉換為 'float'，是由較大的型別轉換為較小的型別，可能導致資料遺失
     1>d:\computergraphics\cg_hw3_sample\cg_hw3\cg_hw3\main.cpp(427): warning C4244: '引數' : 將 'double' 轉換為 'float'，由於型別不同，可能導致資料遺失
     1>d:\computergraphics\cg_hw3_sample\cg_hw3\cg_hw3\main.cpp(427): warning C4244: '引數' : 將 'double' 轉換為 'float'，由於型別不同，可能導致資料遺失
     1>d:\computergraphics\cg_hw3_sample\cg_hw3\cg_hw3\main.cpp(427): warning C4244: '引數' : 將 'double' 轉換為 'float'，由於型別不同，可能導致資料遺失
     1>d:\computergraphics\cg_hw3_sample\cg_hw3\cg_hw3\main.cpp(428): warning C4305: '引數' : 從 'double' 轉換為 'float'，是由較大的型別轉換為較小的型別，可能導致資料遺失
     1>d:\computergraphics\cg_hw3_sample\cg_hw3\cg_hw3\main.cpp(428): warning C4305: '引數' : 從 'double' 轉換為 'float'，是由較大的型別轉換為較小的型別，可能導致資料遺失
     1>d:\computergraphics\cg_hw3_sample\cg_hw3\cg_hw3\main.cpp(428): warning C4305: '引數' : 從 'double' 轉換為 'float'，是由較大的型別轉換為較小的型別，可能導致資料遺失
     1>d:\computergraphics\cg_hw3_sample\cg_hw3\cg_hw3\main.cpp(432): warning C4244: '引數' : 將 'double' 轉換為 'float'，由於型別不同，可能導致資料遺失
     1>d:\computergraphics\cg_hw3_sample\cg_hw3\cg_hw3\main.cpp(432): warning C4244: '引數' : 將 'double' 轉換為 'float'，由於型別不同，可能導致資料遺失
     1>d:\computergraphics\cg_hw3_sample\cg_hw3\cg_hw3\main.cpp(432): warning C4244: '引數' : 將 'double' 轉換為 'float'，由於型別不同，可能導致資料遺失
     1>d:\computergraphics\cg_hw3_sample\cg_hw3\cg_hw3\main.cpp(433): warning C4305: '引數' : 從 'double' 轉換為 'float'，是由較大的型別轉換為較小的型別，可能導致資料遺失
     1>d:\computergraphics\cg_hw3_sample\cg_hw3\cg_hw3\main.cpp(433): warning C4305: '引數' : 從 'double' 轉換為 'float'，是由較大的型別轉換為較小的型別，可能導致資料遺失
     1>d:\computergraphics\cg_hw3_sample\cg_hw3\cg_hw3\main.cpp(433): warning C4305: '引數' : 從 'double' 轉換為 'float'，是由較大的型別轉換為較小的型別，可能導致資料遺失
     1>d:\computergraphics\cg_hw3_sample\cg_hw3\cg_hw3\main.cpp(440): warning C4244: '引數' : 將 'double' 轉換為 'float'，由於型別不同，可能導致資料遺失
     1>d:\computergraphics\cg_hw3_sample\cg_hw3\cg_hw3\main.cpp(440): warning C4244: '引數' : 將 'double' 轉換為 'float'，由於型別不同，可能導致資料遺失
     1>d:\computergraphics\cg_hw3_sample\cg_hw3\cg_hw3\main.cpp(440): warning C4244: '引數' : 將 'double' 轉換為 'float'，由於型別不同，可能導致資料遺失
     1>d:\computergraphics\cg_hw3_sample\cg_hw3\cg_hw3\main.cpp(441): warning C4305: '引數' : 從 'double' 轉換為 'float'，是由較大的型別轉換為較小的型別，可能導致資料遺失
     1>d:\computergraphics\cg_hw3_sample\cg_hw3\cg_hw3\main.cpp(441): warning C4305: '引數' : 從 'double' 轉換為 'float'，是由較大的型別轉換為較小的型別，可能導致資料遺失
     1>d:\computergraphics\cg_hw3_sample\cg_hw3\cg_hw3\main.cpp(441): warning C4305: '引數' : 從 'double' 轉換為 'float'，是由較大的型別轉換為較小的型別，可能導致資料遺失
     1>d:\computergraphics\cg_hw3_sample\cg_hw3\cg_hw3\main.cpp(445): warning C4244: '引數' : 將 'double' 轉換為 'float'，由於型別不同，可能導致資料遺失
     1>d:\computergraphics\cg_hw3_sample\cg_hw3\cg_hw3\main.cpp(445): warning C4244: '引數' : 將 'double' 轉換為 'float'，由於型別不同，可能導致資料遺失
     1>d:\computergraphics\cg_hw3_sample\cg_hw3\cg_hw3\main.cpp(445): warning C4244: '引數' : 將 'double' 轉換為 'float'，由於型別不同，可能導致資料遺失
     1>d:\computergraphics\cg_hw3_sample\cg_hw3\cg_hw3\main.cpp(446): warning C4305: '引數' : 從 'double' 轉換為 'float'，是由較大的型別轉換為較小的型別，可能導致資料遺失
     1>d:\computergraphics\cg_hw3_sample\cg_hw3\cg_hw3\main.cpp(446): warning C4305: '引數' : 從 'double' 轉換為 'float'，是由較大的型別轉換為較小的型別，可能導致資料遺失
     1>d:\computergraphics\cg_hw3_sample\cg_hw3\cg_hw3\main.cpp(446): warning C4305: '引數' : 從 'double' 轉換為 'float'，是由較大的型別轉換為較小的型別，可能導致資料遺失
     1>d:\computergraphics\cg_hw3_sample\cg_hw3\cg_hw3\main.cpp(450): warning C4244: '引數' : 將 'double' 轉換為 'float'，由於型別不同，可能導致資料遺失
     1>d:\computergraphics\cg_hw3_sample\cg_hw3\cg_hw3\main.cpp(450): warning C4244: '引數' : 將 'double' 轉換為 'float'，由於型別不同，可能導致資料遺失
     1>d:\computergraphics\cg_hw3_sample\cg_hw3\cg_hw3\main.cpp(450): warning C4244: '引數' : 將 'double' 轉換為 'float'，由於型別不同，可能導致資料遺失
     1>d:\computergraphics\cg_hw3_sample\cg_hw3\cg_hw3\main.cpp(451): warning C4305: '引數' : 從 'double' 轉換為 'float'，是由較大的型別轉換為較小的型別，可能導致資料遺失
     1>d:\computergraphics\cg_hw3_sample\cg_hw3\cg_hw3\main.cpp(451): warning C4305: '引數' : 從 'double' 轉換為 'float'，是由較大的型別轉換為較小的型別，可能導致資料遺失
     1>d:\computergraphics\cg_hw3_sample\cg_hw3\cg_hw3\main.cpp(451): warning C4305: '引數' : 從 'double' 轉換為 'float'，是由較大的型別轉換為較小的型別，可能導致資料遺失
     1>d:\computergraphics\cg_hw3_sample\cg_hw3\cg_hw3\main.cpp(463): warning C4244: '引數' : 將 'double' 轉換為 'float'，由於型別不同，可能導致資料遺失
     1>d:\computergraphics\cg_hw3_sample\cg_hw3\cg_hw3\main.cpp(463): warning C4244: '引數' : 將 'double' 轉換為 'float'，由於型別不同，可能導致資料遺失
     1>d:\computergraphics\cg_hw3_sample\cg_hw3\cg_hw3\main.cpp(464): warning C4244: '+=' : 將 'double' 轉換為 'GLfloat'，由於型別不同，可能導致資料遺失
     1>d:\computergraphics\cg_hw3_sample\cg_hw3\cg_hw3\main.cpp(465): warning C4244: '-=' : 將 'double' 轉換為 'GLfloat'，由於型別不同，可能導致資料遺失
     1>d:\computergraphics\cg_hw3_sample\cg_hw3\cg_hw3\main.cpp(467): warning C4244: '=' : 將 'int' 轉換為 'float'，由於型別不同，可能導致資料遺失
     1>d:\computergraphics\cg_hw3_sample\cg_hw3\cg_hw3\main.cpp(468): warning C4244: '=' : 將 'int' 轉換為 'float'，由於型別不同，可能導致資料遺失
     1>d:\computergraphics\cg_hw3_sample\cg_hw3\cg_hw3\main.cpp(473): warning C4244: '引數' : 將 'double' 轉換為 'float'，由於型別不同，可能導致資料遺失
     1>d:\computergraphics\cg_hw3_sample\cg_hw3\cg_hw3\main.cpp(473): warning C4244: '引數' : 將 'double' 轉換為 'float'，由於型別不同，可能導致資料遺失
     1>d:\computergraphics\cg_hw3_sample\cg_hw3\cg_hw3\main.cpp(473): warning C4244: '引數' : 將 'double' 轉換為 'float'，由於型別不同，可能導致資料遺失
     1>d:\computergraphics\cg_hw3_sample\cg_hw3\cg_hw3\main.cpp(474): warning C4244: '引數' : 將 'double' 轉換為 'float'，由於型別不同，可能導致資料遺失
     1>d:\computergraphics\cg_hw3_sample\cg_hw3\cg_hw3\main.cpp(475): warning C4244: '引數' : 將 'double' 轉換為 'float'，由於型別不同，可能導致資料遺失
     1>d:\computergraphics\cg_hw3_sample\cg_hw3\cg_hw3\main.cpp(478): warning C4244: '=' : 將 'int' 轉換為 'float'，由於型別不同，可能導致資料遺失
     1>d:\computergraphics\cg_hw3_sample\cg_hw3\cg_hw3\main.cpp(479): warning C4244: '=' : 將 'int' 轉換為 'float'，由於型別不同，可能導致資料遺失
     1>d:\computergraphics\cg_hw3_sample\cg_hw3\cg_hw3\main.cpp(616): warning C4244: '引數' : 將 'double' 轉換為 'float'，由於型別不同，可能導致資料遺失
     1>d:\computergraphics\cg_hw3_sample\cg_hw3\cg_hw3\main.cpp(616): warning C4244: '引數' : 將 'double' 轉換為 'float'，由於型別不同，可能導致資料遺失
     1>d:\computergraphics\cg_hw3_sample\cg_hw3\cg_hw3\main.cpp(616): warning C4244: '引數' : 將 'double' 轉換為 'float'，由於型別不同，可能導致資料遺失
     1>d:\computergraphics\cg_hw3_sample\cg_hw3\cg_hw3\main.cpp(617): warning C4305: '引數' : 從 'double' 轉換為 'float'，是由較大的型別轉換為較小的型別，可能導致資料遺失
     1>d:\computergraphics\cg_hw3_sample\cg_hw3\cg_hw3\main.cpp(621): warning C4244: '引數' : 將 'double' 轉換為 'float'，由於型別不同，可能導致資料遺失
     1>d:\computergraphics\cg_hw3_sample\cg_hw3\cg_hw3\main.cpp(621): warning C4244: '引數' : 將 'double' 轉換為 'float'，由於型別不同，可能導致資料遺失
     1>d:\computergraphics\cg_hw3_sample\cg_hw3\cg_hw3\main.cpp(621): warning C4244: '引數' : 將 'double' 轉換為 'float'，由於型別不同，可能導致資料遺失
     1>d:\computergraphics\cg_hw3_sample\cg_hw3\cg_hw3\main.cpp(622): warning C4305: '引數' : 從 'double' 轉換為 'float'，是由較大的型別轉換為較小的型別，可能導致資料遺失
     1>d:\computergraphics\cg_hw3_sample\cg_hw3\cg_hw3\main.cpp(626): warning C4244: '引數' : 將 'double' 轉換為 'float'，由於型別不同，可能導致資料遺失
     1>d:\computergraphics\cg_hw3_sample\cg_hw3\cg_hw3\main.cpp(626): warning C4244: '引數' : 將 'double' 轉換為 'float'，由於型別不同，可能導致資料遺失
     1>d:\computergraphics\cg_hw3_sample\cg_hw3\cg_hw3\main.cpp(626): warning C4244: '引數' : 將 'double' 轉換為 'float'，由於型別不同，可能導致資料遺失
     1>d:\computergraphics\cg_hw3_sample\cg_hw3\cg_hw3\main.cpp(627): warning C4305: '引數' : 從 'double' 轉換為 'float'，是由較大的型別轉換為較小的型別，可能導致資料遺失
     1>d:\computergraphics\cg_hw3_sample\cg_hw3\cg_hw3\main.cpp(633): warning C4244: '引數' : 將 'double' 轉換為 'float'，由於型別不同，可能導致資料遺失
     1>d:\computergraphics\cg_hw3_sample\cg_hw3\cg_hw3\main.cpp(633): warning C4244: '引數' : 將 'double' 轉換為 'float'，由於型別不同，可能導致資料遺失
     1>d:\computergraphics\cg_hw3_sample\cg_hw3\cg_hw3\main.cpp(633): warning C4244: '引數' : 將 'double' 轉換為 'float'，由於型別不同，可能導致資料遺失
     1>d:\computergraphics\cg_hw3_sample\cg_hw3\cg_hw3\main.cpp(634): warning C4305: '引數' : 從 'double' 轉換為 'float'，是由較大的型別轉換為較小的型別，可能導致資料遺失
     1>d:\computergraphics\cg_hw3_sample\cg_hw3\cg_hw3\main.cpp(638): warning C4244: '引數' : 將 'double' 轉換為 'float'，由於型別不同，可能導致資料遺失
     1>d:\computergraphics\cg_hw3_sample\cg_hw3\cg_hw3\main.cpp(638): warning C4244: '引數' : 將 'double' 轉換為 'float'，由於型別不同，可能導致資料遺失
     1>d:\computergraphics\cg_hw3_sample\cg_hw3\cg_hw3\main.cpp(638): warning C4244: '引數' : 將 'double' 轉換為 'float'，由於型別不同，可能導致資料遺失
     1>d:\computergraphics\cg_hw3_sample\cg_hw3\cg_hw3\main.cpp(639): warning C4305: '引數' : 從 'double' 轉換為 'float'，是由較大的型別轉換為較小的型別，可能導致資料遺失
     1>d:\computergraphics\cg_hw3_sample\cg_hw3\cg_hw3\main.cpp(643): warning C4244: '引數' : 將 'double' 轉換為 'float'，由於型別不同，可能導致資料遺失
     1>d:\computergraphics\cg_hw3_sample\cg_hw3\cg_hw3\main.cpp(643): warning C4244: '引數' : 將 'double' 轉換為 'float'，由於型別不同，可能導致資料遺失
     1>d:\computergraphics\cg_hw3_sample\cg_hw3\cg_hw3\main.cpp(643): warning C4244: '引數' : 將 'double' 轉換為 'float'，由於型別不同，可能導致資料遺失
     1>d:\computergraphics\cg_hw3_sample\cg_hw3\cg_hw3\main.cpp(644): warning C4305: '引數' : 從 'double' 轉換為 'float'，是由較大的型別轉換為較小的型別，可能導致資料遺失
     1>d:\computergraphics\cg_hw3_sample\cg_hw3\cg_hw3\main.cpp(650): warning C4305: '引數' : 從 'double' 轉換為 'float'，是由較大的型別轉換為較小的型別，可能導致資料遺失
     1>d:\computergraphics\cg_hw3_sample\cg_hw3\cg_hw3\main.cpp(650): warning C4305: '-=' : 從 'double' 轉換為 'GLfloat'，是由較大的型別轉換為較小的型別，可能導致資料遺失
     1>d:\computergraphics\cg_hw3_sample\cg_hw3\cg_hw3\main.cpp(651): warning C4305: '引數' : 從 'double' 轉換為 'float'，是由較大的型別轉換為較小的型別，可能導致資料遺失
     1>d:\computergraphics\cg_hw3_sample\cg_hw3\cg_hw3\main.cpp(651): warning C4305: '-=' : 從 'double' 轉換為 'GLfloat'，是由較大的型別轉換為較小的型別，可能導致資料遺失
     1>d:\computergraphics\cg_hw3_sample\cg_hw3\cg_hw3\main.cpp(652): warning C4305: '引數' : 從 'double' 轉換為 'float'，是由較大的型別轉換為較小的型別，可能導致資料遺失
     1>d:\computergraphics\cg_hw3_sample\cg_hw3\cg_hw3\main.cpp(652): warning C4305: '-=' : 從 'double' 轉換為 'GLfloat'，是由較大的型別轉換為較小的型別，可能導致資料遺失
     1>d:\computergraphics\cg_hw3_sample\cg_hw3\cg_hw3\main.cpp(655): warning C4305: '-=' : 從 'double' 轉換為 'float'，是由較大的型別轉換為較小的型別，可能導致資料遺失
     1>d:\computergraphics\cg_hw3_sample\cg_hw3\cg_hw3\main.cpp(665): warning C4244: '=' : 將 'double' 轉換為 'float'，由於型別不同，可能導致資料遺失
     1>d:\computergraphics\cg_hw3_sample\cg_hw3\cg_hw3\main.cpp(666): warning C4244: '=' : 將 'double' 轉換為 'float'，由於型別不同，可能導致資料遺失
     1>d:\computergraphics\cg_hw3_sample\cg_hw3\cg_hw3\main.cpp(667): warning C4244: '=' : 將 'double' 轉換為 'float'，由於型別不同，可能導致資料遺失
     1>d:\computergraphics\cg_hw3_sample\cg_hw3\cg_hw3\main.cpp(672): warning C4244: '=' : 將 'double' 轉換為 'float'，由於型別不同，可能導致資料遺失
     1>d:\computergraphics\cg_hw3_sample\cg_hw3\cg_hw3\main.cpp(673): warning C4244: '=' : 將 'double' 轉換為 'float'，由於型別不同，可能導致資料遺失
     1>d:\computergraphics\cg_hw3_sample\cg_hw3\cg_hw3\main.cpp(674): warning C4244: '=' : 將 'double' 轉換為 'float'，由於型別不同，可能導致資料遺失
     1>d:\computergraphics\cg_hw3_sample\cg_hw3\cg_hw3\main.cpp(682): warning C4244: '=' : 將 'double' 轉換為 'float'，由於型別不同，可能導致資料遺失
     1>d:\computergraphics\cg_hw3_sample\cg_hw3\cg_hw3\main.cpp(686): warning C4305: '-=' : 從 'double' 轉換為 'float'，是由較大的型別轉換為較小的型別，可能導致資料遺失
     1>d:\computergraphics\cg_hw3_sample\cg_hw3\cg_hw3\main.cpp(696): warning C4244: '=' : 將 'double' 轉換為 'float'，由於型別不同，可能導致資料遺失
     1>d:\computergraphics\cg_hw3_sample\cg_hw3\cg_hw3\main.cpp(697): warning C4244: '=' : 將 'double' 轉換為 'float'，由於型別不同，可能導致資料遺失
     1>d:\computergraphics\cg_hw3_sample\cg_hw3\cg_hw3\main.cpp(698): warning C4244: '=' : 將 'double' 轉換為 'float'，由於型別不同，可能導致資料遺失
     1>d:\computergraphics\cg_hw3_sample\cg_hw3\cg_hw3\main.cpp(703): warning C4244: '=' : 將 'double' 轉換為 'float'，由於型別不同，可能導致資料遺失
     1>d:\computergraphics\cg_hw3_sample\cg_hw3\cg_hw3\main.cpp(704): warning C4244: '=' : 將 'double' 轉換為 'float'，由於型別不同，可能導致資料遺失
     1>d:\computergraphics\cg_hw3_sample\cg_hw3\cg_hw3\main.cpp(705): warning C4244: '=' : 將 'double' 轉換為 'float'，由於型別不同，可能導致資料遺失
     1>d:\computergraphics\cg_hw3_sample\cg_hw3\cg_hw3\main.cpp(713): warning C4244: '=' : 將 'double' 轉換為 'float'，由於型別不同，可能導致資料遺失
     1>d:\computergraphics\cg_hw3_sample\cg_hw3\cg_hw3\main.cpp(717): warning C4305: '-=' : 從 'double' 轉換為 'float'，是由較大的型別轉換為較小的型別，可能導致資料遺失
     1>d:\computergraphics\cg_hw3_sample\cg_hw3\cg_hw3\main.cpp(727): warning C4244: '=' : 將 'double' 轉換為 'float'，由於型別不同，可能導致資料遺失
     1>d:\computergraphics\cg_hw3_sample\cg_hw3\cg_hw3\main.cpp(728): warning C4244: '=' : 將 'double' 轉換為 'float'，由於型別不同，可能導致資料遺失
     1>d:\computergraphics\cg_hw3_sample\cg_hw3\cg_hw3\main.cpp(729): warning C4244: '=' : 將 'double' 轉換為 'float'，由於型別不同，可能導致資料遺失
     1>d:\computergraphics\cg_hw3_sample\cg_hw3\cg_hw3\main.cpp(734): warning C4244: '=' : 將 'double' 轉換為 'float'，由於型別不同，可能導致資料遺失
     1>d:\computergraphics\cg_hw3_sample\cg_hw3\cg_hw3\main.cpp(735): warning C4244: '=' : 將 'double' 轉換為 'float'，由於型別不同，可能導致資料遺失
     1>d:\computergraphics\cg_hw3_sample\cg_hw3\cg_hw3\main.cpp(736): warning C4244: '=' : 將 'double' 轉換為 'float'，由於型別不同，可能導致資料遺失
     1>d:\computergraphics\cg_hw3_sample\cg_hw3\cg_hw3\main.cpp(744): warning C4244: '=' : 將 'double' 轉換為 'float'，由於型別不同，可能導致資料遺失
     1>d:\computergraphics\cg_hw3_sample\cg_hw3\cg_hw3\main.cpp(752): warning C4244: '引數' : 將 'double' 轉換為 'float'，由於型別不同，可能導致資料遺失
     1>d:\computergraphics\cg_hw3_sample\cg_hw3\cg_hw3\main.cpp(752): warning C4244: '引數' : 將 'double' 轉換為 'float'，由於型別不同，可能導致資料遺失
     1>d:\computergraphics\cg_hw3_sample\cg_hw3\cg_hw3\main.cpp(752): warning C4244: '引數' : 將 'double' 轉換為 'float'，由於型別不同，可能導致資料遺失
     1>d:\computergraphics\cg_hw3_sample\cg_hw3\cg_hw3\main.cpp(753): warning C4305: '引數' : 從 'double' 轉換為 'float'，是由較大的型別轉換為較小的型別，可能導致資料遺失
     1>d:\computergraphics\cg_hw3_sample\cg_hw3\cg_hw3\main.cpp(757): warning C4244: '引數' : 將 'double' 轉換為 'float'，由於型別不同，可能導致資料遺失
     1>d:\computergraphics\cg_hw3_sample\cg_hw3\cg_hw3\main.cpp(757): warning C4244: '引數' : 將 'double' 轉換為 'float'，由於型別不同，可能導致資料遺失
     1>d:\computergraphics\cg_hw3_sample\cg_hw3\cg_hw3\main.cpp(757): warning C4244: '引數' : 將 'double' 轉換為 'float'，由於型別不同，可能導致資料遺失
     1>d:\computergraphics\cg_hw3_sample\cg_hw3\cg_hw3\main.cpp(758): warning C4305: '引數' : 從 'double' 轉換為 'float'，是由較大的型別轉換為較小的型別，可能導致資料遺失
     1>d:\computergraphics\cg_hw3_sample\cg_hw3\cg_hw3\main.cpp(762): warning C4244: '引數' : 將 'double' 轉換為 'float'，由於型別不同，可能導致資料遺失
     1>d:\computergraphics\cg_hw3_sample\cg_hw3\cg_hw3\main.cpp(762): warning C4244: '引數' : 將 'double' 轉換為 'float'，由於型別不同，可能導致資料遺失
     1>d:\computergraphics\cg_hw3_sample\cg_hw3\cg_hw3\main.cpp(762): warning C4244: '引數' : 將 'double' 轉換為 'float'，由於型別不同，可能導致資料遺失
     1>d:\computergraphics\cg_hw3_sample\cg_hw3\cg_hw3\main.cpp(763): warning C4305: '引數' : 從 'double' 轉換為 'float'，是由較大的型別轉換為較小的型別，可能導致資料遺失
     1>d:\computergraphics\cg_hw3_sample\cg_hw3\cg_hw3\main.cpp(769): warning C4244: '引數' : 將 'double' 轉換為 'float'，由於型別不同，可能導致資料遺失
     1>d:\computergraphics\cg_hw3_sample\cg_hw3\cg_hw3\main.cpp(769): warning C4244: '引數' : 將 'double' 轉換為 'float'，由於型別不同，可能導致資料遺失
     1>d:\computergraphics\cg_hw3_sample\cg_hw3\cg_hw3\main.cpp(769): warning C4244: '引數' : 將 'double' 轉換為 'float'，由於型別不同，可能導致資料遺失
     1>d:\computergraphics\cg_hw3_sample\cg_hw3\cg_hw3\main.cpp(770): warning C4305: '引數' : 從 'double' 轉換為 'float'，是由較大的型別轉換為較小的型別，可能導致資料遺失
     1>d:\computergraphics\cg_hw3_sample\cg_hw3\cg_hw3\main.cpp(774): warning C4244: '引數' : 將 'double' 轉換為 'float'，由於型別不同，可能導致資料遺失
     1>d:\computergraphics\cg_hw3_sample\cg_hw3\cg_hw3\main.cpp(774): warning C4244: '引數' : 將 'double' 轉換為 'float'，由於型別不同，可能導致資料遺失
     1>d:\computergraphics\cg_hw3_sample\cg_hw3\cg_hw3\main.cpp(774): warning C4244: '引數' : 將 'double' 轉換為 'float'，由於型別不同，可能導致資料遺失
     1>d:\computergraphics\cg_hw3_sample\cg_hw3\cg_hw3\main.cpp(775): warning C4305: '引數' : 從 'double' 轉換為 'float'，是由較大的型別轉換為較小的型別，可能導致資料遺失
     1>d:\computergraphics\cg_hw3_sample\cg_hw3\cg_hw3\main.cpp(779): warning C4244: '引數' : 將 'double' 轉換為 'float'，由於型別不同，可能導致資料遺失
     1>d:\computergraphics\cg_hw3_sample\cg_hw3\cg_hw3\main.cpp(779): warning C4244: '引數' : 將 'double' 轉換為 'float'，由於型別不同，可能導致資料遺失
     1>d:\computergraphics\cg_hw3_sample\cg_hw3\cg_hw3\main.cpp(779): warning C4244: '引數' : 將 'double' 轉換為 'float'，由於型別不同，可能導致資料遺失
     1>d:\computergraphics\cg_hw3_sample\cg_hw3\cg_hw3\main.cpp(780): warning C4305: '引數' : 從 'double' 轉換為 'float'，是由較大的型別轉換為較小的型別，可能導致資料遺失
     1>d:\computergraphics\cg_hw3_sample\cg_hw3\cg_hw3\main.cpp(786): warning C4305: '引數' : 從 'double' 轉換為 'float'，是由較大的型別轉換為較小的型別，可能導致資料遺失
     1>d:\computergraphics\cg_hw3_sample\cg_hw3\cg_hw3\main.cpp(786): warning C4305: '-=' : 從 'double' 轉換為 'GLfloat'，是由較大的型別轉換為較小的型別，可能導致資料遺失
     1>d:\computergraphics\cg_hw3_sample\cg_hw3\cg_hw3\main.cpp(787): warning C4305: '引數' : 從 'double' 轉換為 'float'，是由較大的型別轉換為較小的型別，可能導致資料遺失
     1>d:\computergraphics\cg_hw3_sample\cg_hw3\cg_hw3\main.cpp(787): warning C4305: '-=' : 從 'double' 轉換為 'GLfloat'，是由較大的型別轉換為較小的型別，可能導致資料遺失
     1>d:\computergraphics\cg_hw3_sample\cg_hw3\cg_hw3\main.cpp(788): warning C4305: '引數' : 從 'double' 轉換為 'float'，是由較大的型別轉換為較小的型別，可能導致資料遺失
     1>d:\computergraphics\cg_hw3_sample\cg_hw3\cg_hw3\main.cpp(788): warning C4305: '-=' : 從 'double' 轉換為 'GLfloat'，是由較大的型別轉換為較小的型別，可能導致資料遺失
     1>d:\computergraphics\cg_hw3_sample\cg_hw3\cg_hw3\main.cpp(791): warning C4305: '-=' : 從 'double' 轉換為 'float'，是由較大的型別轉換為較小的型別，可能導致資料遺失
     1>d:\computergraphics\cg_hw3_sample\cg_hw3\cg_hw3\main.cpp(801): warning C4244: '=' : 將 'double' 轉換為 'float'，由於型別不同，可能導致資料遺失
     1>d:\computergraphics\cg_hw3_sample\cg_hw3\cg_hw3\main.cpp(802): warning C4244: '=' : 將 'double' 轉換為 'float'，由於型別不同，可能導致資料遺失
     1>d:\computergraphics\cg_hw3_sample\cg_hw3\cg_hw3\main.cpp(803): warning C4244: '=' : 將 'double' 轉換為 'float'，由於型別不同，可能導致資料遺失
     1>d:\computergraphics\cg_hw3_sample\cg_hw3\cg_hw3\main.cpp(808): warning C4244: '=' : 將 'double' 轉換為 'float'，由於型別不同，可能導致資料遺失
     1>d:\computergraphics\cg_hw3_sample\cg_hw3\cg_hw3\main.cpp(809): warning C4244: '=' : 將 'double' 轉換為 'float'，由於型別不同，可能導致資料遺失
     1>d:\computergraphics\cg_hw3_sample\cg_hw3\cg_hw3\main.cpp(810): warning C4244: '=' : 將 'double' 轉換為 'float'，由於型別不同，可能導致資料遺失
     1>d:\computergraphics\cg_hw3_sample\cg_hw3\cg_hw3\main.cpp(818): warning C4244: '=' : 將 'double' 轉換為 'float'，由於型別不同，可能導致資料遺失
     1>d:\computergraphics\cg_hw3_sample\cg_hw3\cg_hw3\main.cpp(822): warning C4305: '-=' : 從 'double' 轉換為 'float'，是由較大的型別轉換為較小的型別，可能導致資料遺失
     1>d:\computergraphics\cg_hw3_sample\cg_hw3\cg_hw3\main.cpp(832): warning C4244: '=' : 將 'double' 轉換為 'float'，由於型別不同，可能導致資料遺失
     1>d:\computergraphics\cg_hw3_sample\cg_hw3\cg_hw3\main.cpp(833): warning C4244: '=' : 將 'double' 轉換為 'float'，由於型別不同，可能導致資料遺失
     1>d:\computergraphics\cg_hw3_sample\cg_hw3\cg_hw3\main.cpp(834): warning C4244: '=' : 將 'double' 轉換為 'float'，由於型別不同，可能導致資料遺失
     1>d:\computergraphics\cg_hw3_sample\cg_hw3\cg_hw3\main.cpp(839): warning C4244: '=' : 將 'double' 轉換為 'float'，由於型別不同，可能導致資料遺失
     1>d:\computergraphics\cg_hw3_sample\cg_hw3\cg_hw3\main.cpp(840): warning C4244: '=' : 將 'double' 轉換為 'float'，由於型別不同，可能導致資料遺失
     1>d:\computergraphics\cg_hw3_sample\cg_hw3\cg_hw3\main.cpp(841): warning C4244: '=' : 將 'double' 轉換為 'float'，由於型別不同，可能導致資料遺失
     1>d:\computergraphics\cg_hw3_sample\cg_hw3\cg_hw3\main.cpp(849): warning C4244: '=' : 將 'double' 轉換為 'float'，由於型別不同，可能導致資料遺失
     1>d:\computergraphics\cg_hw3_sample\cg_hw3\cg_hw3\main.cpp(853): warning C4305: '-=' : 從 'double' 轉換為 'float'，是由較大的型別轉換為較小的型別，可能導致資料遺失
     1>d:\computergraphics\cg_hw3_sample\cg_hw3\cg_hw3\main.cpp(863): warning C4244: '=' : 將 'double' 轉換為 'float'，由於型別不同，可能導致資料遺失
     1>d:\computergraphics\cg_hw3_sample\cg_hw3\cg_hw3\main.cpp(864): warning C4244: '=' : 將 'double' 轉換為 'float'，由於型別不同，可能導致資料遺失
     1>d:\computergraphics\cg_hw3_sample\cg_hw3\cg_hw3\main.cpp(865): warning C4244: '=' : 將 'double' 轉換為 'float'，由於型別不同，可能導致資料遺失
     1>d:\computergraphics\cg_hw3_sample\cg_hw3\cg_hw3\main.cpp(870): warning C4244: '=' : 將 'double' 轉換為 'float'，由於型別不同，可能導致資料遺失
     1>d:\computergraphics\cg_hw3_sample\cg_hw3\cg_hw3\main.cpp(871): warning C4244: '=' : 將 'double' 轉換為 'float'，由於型別不同，可能導致資料遺失
     1>d:\computergraphics\cg_hw3_sample\cg_hw3\cg_hw3\main.cpp(872): warning C4244: '=' : 將 'double' 轉換為 'float'，由於型別不同，可能導致資料遺失
     1>d:\computergraphics\cg_hw3_sample\cg_hw3\cg_hw3\main.cpp(880): warning C4244: '=' : 將 'double' 轉換為 'float'，由於型別不同，可能導致資料遺失
     1>d:\computergraphics\cg_hw3_sample\cg_hw3\cg_hw3\main.cpp(888): warning C4244: '引數' : 將 'double' 轉換為 'float'，由於型別不同，可能導致資料遺失
     1>d:\computergraphics\cg_hw3_sample\cg_hw3\cg_hw3\main.cpp(888): warning C4244: '引數' : 將 'double' 轉換為 'float'，由於型別不同，可能導致資料遺失
     1>d:\computergraphics\cg_hw3_sample\cg_hw3\cg_hw3\main.cpp(888): warning C4244: '引數' : 將 'double' 轉換為 'float'，由於型別不同，可能導致資料遺失
     1>d:\computergraphics\cg_hw3_sample\cg_hw3\cg_hw3\main.cpp(889): warning C4305: '引數' : 從 'double' 轉換為 'float'，是由較大的型別轉換為較小的型別，可能導致資料遺失
     1>d:\computergraphics\cg_hw3_sample\cg_hw3\cg_hw3\main.cpp(893): warning C4244: '引數' : 將 'double' 轉換為 'float'，由於型別不同，可能導致資料遺失
     1>d:\computergraphics\cg_hw3_sample\cg_hw3\cg_hw3\main.cpp(893): warning C4244: '引數' : 將 'double' 轉換為 'float'，由於型別不同，可能導致資料遺失
     1>d:\computergraphics\cg_hw3_sample\cg_hw3\cg_hw3\main.cpp(893): warning C4244: '引數' : 將 'double' 轉換為 'float'，由於型別不同，可能導致資料遺失
     1>d:\computergraphics\cg_hw3_sample\cg_hw3\cg_hw3\main.cpp(894): warning C4305: '引數' : 從 'double' 轉換為 'float'，是由較大的型別轉換為較小的型別，可能導致資料遺失
     1>d:\computergraphics\cg_hw3_sample\cg_hw3\cg_hw3\main.cpp(898): warning C4244: '引數' : 將 'double' 轉換為 'float'，由於型別不同，可能導致資料遺失
     1>d:\computergraphics\cg_hw3_sample\cg_hw3\cg_hw3\main.cpp(898): warning C4244: '引數' : 將 'double' 轉換為 'float'，由於型別不同，可能導致資料遺失
     1>d:\computergraphics\cg_hw3_sample\cg_hw3\cg_hw3\main.cpp(898): warning C4244: '引數' : 將 'double' 轉換為 'float'，由於型別不同，可能導致資料遺失
     1>d:\computergraphics\cg_hw3_sample\cg_hw3\cg_hw3\main.cpp(899): warning C4305: '引數' : 從 'double' 轉換為 'float'，是由較大的型別轉換為較小的型別，可能導致資料遺失
     1>d:\computergraphics\cg_hw3_sample\cg_hw3\cg_hw3\main.cpp(905): warning C4244: '引數' : 將 'double' 轉換為 'float'，由於型別不同，可能導致資料遺失
     1>d:\computergraphics\cg_hw3_sample\cg_hw3\cg_hw3\main.cpp(905): warning C4244: '引數' : 將 'double' 轉換為 'float'，由於型別不同，可能導致資料遺失
     1>d:\computergraphics\cg_hw3_sample\cg_hw3\cg_hw3\main.cpp(905): warning C4244: '引數' : 將 'double' 轉換為 'float'，由於型別不同，可能導致資料遺失
     1>d:\computergraphics\cg_hw3_sample\cg_hw3\cg_hw3\main.cpp(906): warning C4305: '引數' : 從 'double' 轉換為 'float'，是由較大的型別轉換為較小的型別，可能導致資料遺失
     1>d:\computergraphics\cg_hw3_sample\cg_hw3\cg_hw3\main.cpp(910): warning C4244: '引數' : 將 'double' 轉換為 'float'，由於型別不同，可能導致資料遺失
     1>d:\computergraphics\cg_hw3_sample\cg_hw3\cg_hw3\main.cpp(910): warning C4244: '引數' : 將 'double' 轉換為 'float'，由於型別不同，可能導致資料遺失
     1>d:\computergraphics\cg_hw3_sample\cg_hw3\cg_hw3\main.cpp(910): warning C4244: '引數' : 將 'double' 轉換為 'float'，由於型別不同，可能導致資料遺失
     1>d:\computergraphics\cg_hw3_sample\cg_hw3\cg_hw3\main.cpp(911): warning C4305: '引數' : 從 'double' 轉換為 'float'，是由較大的型別轉換為較小的型別，可能導致資料遺失
     1>d:\computergraphics\cg_hw3_sample\cg_hw3\cg_hw3\main.cpp(915): warning C4244: '引數' : 將 'double' 轉換為 'float'，由於型別不同，可能導致資料遺失
     1>d:\computergraphics\cg_hw3_sample\cg_hw3\cg_hw3\main.cpp(915): warning C4244: '引數' : 將 'double' 轉換為 'float'，由於型別不同，可能導致資料遺失
     1>d:\computergraphics\cg_hw3_sample\cg_hw3\cg_hw3\main.cpp(915): warning C4244: '引數' : 將 'double' 轉換為 'float'，由於型別不同，可能導致資料遺失
     1>d:\computergraphics\cg_hw3_sample\cg_hw3\cg_hw3\main.cpp(916): warning C4305: '引數' : 從 'double' 轉換為 'float'，是由較大的型別轉換為較小的型別，可能導致資料遺失
     1>d:\computergraphics\cg_hw3_sample\cg_hw3\cg_hw3\main.cpp(922): warning C4305: '引數' : 從 'double' 轉換為 'float'，是由較大的型別轉換為較小的型別，可能導致資料遺失
     1>d:\computergraphics\cg_hw3_sample\cg_hw3\cg_hw3\main.cpp(922): warning C4305: '-=' : 從 'double' 轉換為 'GLfloat'，是由較大的型別轉換為較小的型別，可能導致資料遺失
     1>d:\computergraphics\cg_hw3_sample\cg_hw3\cg_hw3\main.cpp(923): warning C4305: '引數' : 從 'double' 轉換為 'float'，是由較大的型別轉換為較小的型別，可能導致資料遺失
     1>d:\computergraphics\cg_hw3_sample\cg_hw3\cg_hw3\main.cpp(923): warning C4305: '-=' : 從 'double' 轉換為 'GLfloat'，是由較大的型別轉換為較小的型別，可能導致資料遺失
     1>d:\computergraphics\cg_hw3_sample\cg_hw3\cg_hw3\main.cpp(924): warning C4305: '引數' : 從 'double' 轉換為 'float'，是由較大的型別轉換為較小的型別，可能導致資料遺失
     1>d:\computergraphics\cg_hw3_sample\cg_hw3\cg_hw3\main.cpp(924): warning C4305: '-=' : 從 'double' 轉換為 'GLfloat'，是由較大的型別轉換為較小的型別，可能導致資料遺失
     1>d:\computergraphics\cg_hw3_sample\cg_hw3\cg_hw3\main.cpp(927): warning C4305: '-=' : 從 'double' 轉換為 'float'，是由較大的型別轉換為較小的型別，可能導致資料遺失
     1>d:\computergraphics\cg_hw3_sample\cg_hw3\cg_hw3\main.cpp(937): warning C4244: '=' : 將 'double' 轉換為 'float'，由於型別不同，可能導致資料遺失
     1>d:\computergraphics\cg_hw3_sample\cg_hw3\cg_hw3\main.cpp(938): warning C4244: '=' : 將 'double' 轉換為 'float'，由於型別不同，可能導致資料遺失
     1>d:\computergraphics\cg_hw3_sample\cg_hw3\cg_hw3\main.cpp(939): warning C4244: '=' : 將 'double' 轉換為 'float'，由於型別不同，可能導致資料遺失
     1>d:\computergraphics\cg_hw3_sample\cg_hw3\cg_hw3\main.cpp(944): warning C4244: '=' : 將 'double' 轉換為 'float'，由於型別不同，可能導致資料遺失
     1>d:\computergraphics\cg_hw3_sample\cg_hw3\cg_hw3\main.cpp(945): warning C4244: '=' : 將 'double' 轉換為 'float'，由於型別不同，可能導致資料遺失
     1>d:\computergraphics\cg_hw3_sample\cg_hw3\cg_hw3\main.cpp(946): warning C4244: '=' : 將 'double' 轉換為 'float'，由於型別不同，可能導致資料遺失
     1>d:\computergraphics\cg_hw3_sample\cg_hw3\cg_hw3\main.cpp(954): warning C4244: '=' : 將 'double' 轉換為 'float'，由於型別不同，可能導致資料遺失
     1>d:\computergraphics\cg_hw3_sample\cg_hw3\cg_hw3\main.cpp(958): warning C4305: '-=' : 從 'double' 轉換為 'float'，是由較大的型別轉換為較小的型別，可能導致資料遺失
     1>d:\computergraphics\cg_hw3_sample\cg_hw3\cg_hw3\main.cpp(968): warning C4244: '=' : 將 'double' 轉換為 'float'，由於型別不同，可能導致資料遺失
     1>d:\computergraphics\cg_hw3_sample\cg_hw3\cg_hw3\main.cpp(969): warning C4244: '=' : 將 'double' 轉換為 'float'，由於型別不同，可能導致資料遺失
     1>d:\computergraphics\cg_hw3_sample\cg_hw3\cg_hw3\main.cpp(970): warning C4244: '=' : 將 'double' 轉換為 'float'，由於型別不同，可能導致資料遺失
     1>d:\computergraphics\cg_hw3_sample\cg_hw3\cg_hw3\main.cpp(975): warning C4244: '=' : 將 'double' 轉換為 'float'，由於型別不同，可能導致資料遺失
     1>d:\computergraphics\cg_hw3_sample\cg_hw3\cg_hw3\main.cpp(976): warning C4244: '=' : 將 'double' 轉換為 'float'，由於型別不同，可能導致資料遺失
     1>d:\computergraphics\cg_hw3_sample\cg_hw3\cg_hw3\main.cpp(977): warning C4244: '=' : 將 'double' 轉換為 'float'，由於型別不同，可能導致資料遺失
     1>d:\computergraphics\cg_hw3_sample\cg_hw3\cg_hw3\main.cpp(985): warning C4244: '=' : 將 'double' 轉換為 'float'，由於型別不同，可能導致資料遺失
     1>d:\computergraphics\cg_hw3_sample\cg_hw3\cg_hw3\main.cpp(989): warning C4305: '-=' : 從 'double' 轉換為 'float'，是由較大的型別轉換為較小的型別，可能導致資料遺失
     1>d:\computergraphics\cg_hw3_sample\cg_hw3\cg_hw3\main.cpp(999): warning C4244: '=' : 將 'double' 轉換為 'float'，由於型別不同，可能導致資料遺失
     1>d:\computergraphics\cg_hw3_sample\cg_hw3\cg_hw3\main.cpp(1000): warning C4244: '=' : 將 'double' 轉換為 'float'，由於型別不同，可能導致資料遺失
     1>d:\computergraphics\cg_hw3_sample\cg_hw3\cg_hw3\main.cpp(1001): warning C4244: '=' : 將 'double' 轉換為 'float'，由於型別不同，可能導致資料遺失
     1>d:\computergraphics\cg_hw3_sample\cg_hw3\cg_hw3\main.cpp(1006): warning C4244: '=' : 將 'double' 轉換為 'float'，由於型別不同，可能導致資料遺失
     1>d:\computergraphics\cg_hw3_sample\cg_hw3\cg_hw3\main.cpp(1007): warning C4244: '=' : 將 'double' 轉換為 'float'，由於型別不同，可能導致資料遺失
     1>d:\computergraphics\cg_hw3_sample\cg_hw3\cg_hw3\main.cpp(1008): warning C4244: '=' : 將 'double' 轉換為 'float'，由於型別不同，可能導致資料遺失
     1>d:\computergraphics\cg_hw3_sample\cg_hw3\cg_hw3\main.cpp(1016): warning C4244: '=' : 將 'double' 轉換為 'float'，由於型別不同，可能導致資料遺失
     1>d:\computergraphics\cg_hw3_sample\cg_hw3\cg_hw3\main.cpp(1024): warning C4244: '引數' : 將 'double' 轉換為 'float'，由於型別不同，可能導致資料遺失
     1>d:\computergraphics\cg_hw3_sample\cg_hw3\cg_hw3\main.cpp(1024): warning C4244: '引數' : 將 'double' 轉換為 'float'，由於型別不同，可能導致資料遺失
     1>d:\computergraphics\cg_hw3_sample\cg_hw3\cg_hw3\main.cpp(1024): warning C4244: '引數' : 將 'double' 轉換為 'float'，由於型別不同，可能導致資料遺失
     1>d:\computergraphics\cg_hw3_sample\cg_hw3\cg_hw3\main.cpp(1025): warning C4305: '引數' : 從 'double' 轉換為 'float'，是由較大的型別轉換為較小的型別，可能導致資料遺失
     1>d:\computergraphics\cg_hw3_sample\cg_hw3\cg_hw3\main.cpp(1029): warning C4244: '引數' : 將 'double' 轉換為 'float'，由於型別不同，可能導致資料遺失
     1>d:\computergraphics\cg_hw3_sample\cg_hw3\cg_hw3\main.cpp(1029): warning C4244: '引數' : 將 'double' 轉換為 'float'，由於型別不同，可能導致資料遺失
     1>d:\computergraphics\cg_hw3_sample\cg_hw3\cg_hw3\main.cpp(1029): warning C4244: '引數' : 將 'double' 轉換為 'float'，由於型別不同，可能導致資料遺失
     1>d:\computergraphics\cg_hw3_sample\cg_hw3\cg_hw3\main.cpp(1030): warning C4305: '引數' : 從 'double' 轉換為 'float'，是由較大的型別轉換為較小的型別，可能導致資料遺失
     1>d:\computergraphics\cg_hw3_sample\cg_hw3\cg_hw3\main.cpp(1034): warning C4244: '引數' : 將 'double' 轉換為 'float'，由於型別不同，可能導致資料遺失
     1>d:\computergraphics\cg_hw3_sample\cg_hw3\cg_hw3\main.cpp(1034): warning C4244: '引數' : 將 'double' 轉換為 'float'，由於型別不同，可能導致資料遺失
     1>d:\computergraphics\cg_hw3_sample\cg_hw3\cg_hw3\main.cpp(1034): warning C4244: '引數' : 將 'double' 轉換為 'float'，由於型別不同，可能導致資料遺失
     1>d:\computergraphics\cg_hw3_sample\cg_hw3\cg_hw3\main.cpp(1035): warning C4305: '引數' : 從 'double' 轉換為 'float'，是由較大的型別轉換為較小的型別，可能導致資料遺失
     1>d:\computergraphics\cg_hw3_sample\cg_hw3\cg_hw3\main.cpp(1041): warning C4244: '引數' : 將 'double' 轉換為 'float'，由於型別不同，可能導致資料遺失
     1>d:\computergraphics\cg_hw3_sample\cg_hw3\cg_hw3\main.cpp(1041): warning C4244: '引數' : 將 'double' 轉換為 'float'，由於型別不同，可能導致資料遺失
     1>d:\computergraphics\cg_hw3_sample\cg_hw3\cg_hw3\main.cpp(1041): warning C4244: '引數' : 將 'double' 轉換為 'float'，由於型別不同，可能導致資料遺失
     1>d:\computergraphics\cg_hw3_sample\cg_hw3\cg_hw3\main.cpp(1042): warning C4305: '引數' : 從 'double' 轉換為 'float'，是由較大的型別轉換為較小的型別，可能導致資料遺失
     1>d:\computergraphics\cg_hw3_sample\cg_hw3\cg_hw3\main.cpp(1046): warning C4244: '引數' : 將 'double' 轉換為 'float'，由於型別不同，可能導致資料遺失
     1>d:\computergraphics\cg_hw3_sample\cg_hw3\cg_hw3\main.cpp(1046): warning C4244: '引數' : 將 'double' 轉換為 'float'，由於型別不同，可能導致資料遺失
     1>d:\computergraphics\cg_hw3_sample\cg_hw3\cg_hw3\main.cpp(1046): warning C4244: '引數' : 將 'double' 轉換為 'float'，由於型別不同，可能導致資料遺失
     1>d:\computergraphics\cg_hw3_sample\cg_hw3\cg_hw3\main.cpp(1047): warning C4305: '引數' : 從 'double' 轉換為 'float'，是由較大的型別轉換為較小的型別，可能導致資料遺失
     1>d:\computergraphics\cg_hw3_sample\cg_hw3\cg_hw3\main.cpp(1051): warning C4244: '引數' : 將 'double' 轉換為 'float'，由於型別不同，可能導致資料遺失
     1>d:\computergraphics\cg_hw3_sample\cg_hw3\cg_hw3\main.cpp(1051): warning C4244: '引數' : 將 'double' 轉換為 'float'，由於型別不同，可能導致資料遺失
     1>d:\computergraphics\cg_hw3_sample\cg_hw3\cg_hw3\main.cpp(1051): warning C4244: '引數' : 將 'double' 轉換為 'float'，由於型別不同，可能導致資料遺失
     1>d:\computergraphics\cg_hw3_sample\cg_hw3\cg_hw3\main.cpp(1052): warning C4305: '引數' : 從 'double' 轉換為 'float'，是由較大的型別轉換為較小的型別，可能導致資料遺失
     1>d:\computergraphics\cg_hw3_sample\cg_hw3\cg_hw3\main.cpp(1058): warning C4305: '引數' : 從 'double' 轉換為 'float'，是由較大的型別轉換為較小的型別，可能導致資料遺失
     1>d:\computergraphics\cg_hw3_sample\cg_hw3\cg_hw3\main.cpp(1058): warning C4305: '+=' : 從 'double' 轉換為 'GLfloat'，是由較大的型別轉換為較小的型別，可能導致資料遺失
     1>d:\computergraphics\cg_hw3_sample\cg_hw3\cg_hw3\main.cpp(1059): warning C4305: '引數' : 從 'double' 轉換為 'float'，是由較大的型別轉換為較小的型別，可能導致資料遺失
     1>d:\computergraphics\cg_hw3_sample\cg_hw3\cg_hw3\main.cpp(1059): warning C4305: '+=' : 從 'double' 轉換為 'GLfloat'，是由較大的型別轉換為較小的型別，可能導致資料遺失
     1>d:\computergraphics\cg_hw3_sample\cg_hw3\cg_hw3\main.cpp(1060): warning C4305: '引數' : 從 'double' 轉換為 'float'，是由較大的型別轉換為較小的型別，可能導致資料遺失
     1>d:\computergraphics\cg_hw3_sample\cg_hw3\cg_hw3\main.cpp(1060): warning C4305: '+=' : 從 'double' 轉換為 'GLfloat'，是由較大的型別轉換為較小的型別，可能導致資料遺失
     1>d:\computergraphics\cg_hw3_sample\cg_hw3\cg_hw3\main.cpp(1063): warning C4305: '+=' : 從 'double' 轉換為 'float'，是由較大的型別轉換為較小的型別，可能導致資料遺失
     1>d:\computergraphics\cg_hw3_sample\cg_hw3\cg_hw3\main.cpp(1073): warning C4244: '=' : 將 'double' 轉換為 'float'，由於型別不同，可能導致資料遺失
     1>d:\computergraphics\cg_hw3_sample\cg_hw3\cg_hw3\main.cpp(1074): warning C4244: '=' : 將 'double' 轉換為 'float'，由於型別不同，可能導致資料遺失
     1>d:\computergraphics\cg_hw3_sample\cg_hw3\cg_hw3\main.cpp(1075): warning C4244: '=' : 將 'double' 轉換為 'float'，由於型別不同，可能導致資料遺失
     1>d:\computergraphics\cg_hw3_sample\cg_hw3\cg_hw3\main.cpp(1080): warning C4244: '=' : 將 'double' 轉換為 'float'，由於型別不同，可能導致資料遺失
     1>d:\computergraphics\cg_hw3_sample\cg_hw3\cg_hw3\main.cpp(1081): warning C4244: '=' : 將 'double' 轉換為 'float'，由於型別不同，可能導致資料遺失
     1>d:\computergraphics\cg_hw3_sample\cg_hw3\cg_hw3\main.cpp(1082): warning C4244: '=' : 將 'double' 轉換為 'float'，由於型別不同，可能導致資料遺失
     1>d:\computergraphics\cg_hw3_sample\cg_hw3\cg_hw3\main.cpp(1090): warning C4244: '=' : 將 'double' 轉換為 'float'，由於型別不同，可能導致資料遺失
     1>d:\computergraphics\cg_hw3_sample\cg_hw3\cg_hw3\main.cpp(1094): warning C4305: '+=' : 從 'double' 轉換為 'float'，是由較大的型別轉換為較小的型別，可能導致資料遺失
     1>d:\computergraphics\cg_hw3_sample\cg_hw3\cg_hw3\main.cpp(1104): warning C4244: '=' : 將 'double' 轉換為 'float'，由於型別不同，可能導致資料遺失
     1>d:\computergraphics\cg_hw3_sample\cg_hw3\cg_hw3\main.cpp(1105): warning C4244: '=' : 將 'double' 轉換為 'float'，由於型別不同，可能導致資料遺失
     1>d:\computergraphics\cg_hw3_sample\cg_hw3\cg_hw3\main.cpp(1106): warning C4244: '=' : 將 'double' 轉換為 'float'，由於型別不同，可能導致資料遺失
     1>d:\computergraphics\cg_hw3_sample\cg_hw3\cg_hw3\main.cpp(1111): warning C4244: '=' : 將 'double' 轉換為 'float'，由於型別不同，可能導致資料遺失
     1>d:\computergraphics\cg_hw3_sample\cg_hw3\cg_hw3\main.cpp(1112): warning C4244: '=' : 將 'double' 轉換為 'float'，由於型別不同，可能導致資料遺失
     1>d:\computergraphics\cg_hw3_sample\cg_hw3\cg_hw3\main.cpp(1113): warning C4244: '=' : 將 'double' 轉換為 'float'，由於型別不同，可能導致資料遺失
     1>d:\computergraphics\cg_hw3_sample\cg_hw3\cg_hw3\main.cpp(1121): warning C4244: '=' : 將 'double' 轉換為 'float'，由於型別不同，可能導致資料遺失
     1>d:\computergraphics\cg_hw3_sample\cg_hw3\cg_hw3\main.cpp(1125): warning C4305: '+=' : 從 'double' 轉換為 'float'，是由較大的型別轉換為較小的型別，可能導致資料遺失
     1>d:\computergraphics\cg_hw3_sample\cg_hw3\cg_hw3\main.cpp(1135): warning C4244: '=' : 將 'double' 轉換為 'float'，由於型別不同，可能導致資料遺失
     1>d:\computergraphics\cg_hw3_sample\cg_hw3\cg_hw3\main.cpp(1136): warning C4244: '=' : 將 'double' 轉換為 'float'，由於型別不同，可能導致資料遺失
     1>d:\computergraphics\cg_hw3_sample\cg_hw3\cg_hw3\main.cpp(1137): warning C4244: '=' : 將 'double' 轉換為 'float'，由於型別不同，可能導致資料遺失
     1>d:\computergraphics\cg_hw3_sample\cg_hw3\cg_hw3\main.cpp(1142): warning C4244: '=' : 將 'double' 轉換為 'float'，由於型別不同，可能導致資料遺失
     1>d:\computergraphics\cg_hw3_sample\cg_hw3\cg_hw3\main.cpp(1143): warning C4244: '=' : 將 'double' 轉換為 'float'，由於型別不同，可能導致資料遺失
     1>d:\computergraphics\cg_hw3_sample\cg_hw3\cg_hw3\main.cpp(1144): warning C4244: '=' : 將 'double' 轉換為 'float'，由於型別不同，可能導致資料遺失
     1>d:\computergraphics\cg_hw3_sample\cg_hw3\cg_hw3\main.cpp(1152): warning C4244: '=' : 將 'double' 轉換為 'float'，由於型別不同，可能導致資料遺失
     1>d:\computergraphics\cg_hw3_sample\cg_hw3\cg_hw3\main.cpp(1160): warning C4244: '引數' : 將 'double' 轉換為 'float'，由於型別不同，可能導致資料遺失
     1>d:\computergraphics\cg_hw3_sample\cg_hw3\cg_hw3\main.cpp(1160): warning C4244: '引數' : 將 'double' 轉換為 'float'，由於型別不同，可能導致資料遺失
     1>d:\computergraphics\cg_hw3_sample\cg_hw3\cg_hw3\main.cpp(1160): warning C4244: '引數' : 將 'double' 轉換為 'float'，由於型別不同，可能導致資料遺失
     1>d:\computergraphics\cg_hw3_sample\cg_hw3\cg_hw3\main.cpp(1161): warning C4305: '引數' : 從 'double' 轉換為 'float'，是由較大的型別轉換為較小的型別，可能導致資料遺失
     1>d:\computergraphics\cg_hw3_sample\cg_hw3\cg_hw3\main.cpp(1165): warning C4244: '引數' : 將 'double' 轉換為 'float'，由於型別不同，可能導致資料遺失
     1>d:\computergraphics\cg_hw3_sample\cg_hw3\cg_hw3\main.cpp(1165): warning C4244: '引數' : 將 'double' 轉換為 'float'，由於型別不同，可能導致資料遺失
     1>d:\computergraphics\cg_hw3_sample\cg_hw3\cg_hw3\main.cpp(1165): warning C4244: '引數' : 將 'double' 轉換為 'float'，由於型別不同，可能導致資料遺失
     1>d:\computergraphics\cg_hw3_sample\cg_hw3\cg_hw3\main.cpp(1166): warning C4305: '引數' : 從 'double' 轉換為 'float'，是由較大的型別轉換為較小的型別，可能導致資料遺失
     1>d:\computergraphics\cg_hw3_sample\cg_hw3\cg_hw3\main.cpp(1170): warning C4244: '引數' : 將 'double' 轉換為 'float'，由於型別不同，可能導致資料遺失
     1>d:\computergraphics\cg_hw3_sample\cg_hw3\cg_hw3\main.cpp(1170): warning C4244: '引數' : 將 'double' 轉換為 'float'，由於型別不同，可能導致資料遺失
     1>d:\computergraphics\cg_hw3_sample\cg_hw3\cg_hw3\main.cpp(1170): warning C4244: '引數' : 將 'double' 轉換為 'float'，由於型別不同，可能導致資料遺失
     1>d:\computergraphics\cg_hw3_sample\cg_hw3\cg_hw3\main.cpp(1171): warning C4305: '引數' : 從 'double' 轉換為 'float'，是由較大的型別轉換為較小的型別，可能導致資料遺失
     1>d:\computergraphics\cg_hw3_sample\cg_hw3\cg_hw3\main.cpp(1177): warning C4244: '引數' : 將 'double' 轉換為 'float'，由於型別不同，可能導致資料遺失
     1>d:\computergraphics\cg_hw3_sample\cg_hw3\cg_hw3\main.cpp(1177): warning C4244: '引數' : 將 'double' 轉換為 'float'，由於型別不同，可能導致資料遺失
     1>d:\computergraphics\cg_hw3_sample\cg_hw3\cg_hw3\main.cpp(1177): warning C4244: '引數' : 將 'double' 轉換為 'float'，由於型別不同，可能導致資料遺失
     1>d:\computergraphics\cg_hw3_sample\cg_hw3\cg_hw3\main.cpp(1178): warning C4305: '引數' : 從 'double' 轉換為 'float'，是由較大的型別轉換為較小的型別，可能導致資料遺失
     1>d:\computergraphics\cg_hw3_sample\cg_hw3\cg_hw3\main.cpp(1182): warning C4244: '引數' : 將 'double' 轉換為 'float'，由於型別不同，可能導致資料遺失
     1>d:\computergraphics\cg_hw3_sample\cg_hw3\cg_hw3\main.cpp(1182): warning C4244: '引數' : 將 'double' 轉換為 'float'，由於型別不同，可能導致資料遺失
     1>d:\computergraphics\cg_hw3_sample\cg_hw3\cg_hw3\main.cpp(1182): warning C4244: '引數' : 將 'double' 轉換為 'float'，由於型別不同，可能導致資料遺失
     1>d:\computergraphics\cg_hw3_sample\cg_hw3\cg_hw3\main.cpp(1183): warning C4305: '引數' : 從 'double' 轉換為 'float'，是由較大的型別轉換為較小的型別，可能導致資料遺失
     1>d:\computergraphics\cg_hw3_sample\cg_hw3\cg_hw3\main.cpp(1187): warning C4244: '引數' : 將 'double' 轉換為 'float'，由於型別不同，可能導致資料遺失
     1>d:\computergraphics\cg_hw3_sample\cg_hw3\cg_hw3\main.cpp(1187): warning C4244: '引數' : 將 'double' 轉換為 'float'，由於型別不同，可能導致資料遺失
     1>d:\computergraphics\cg_hw3_sample\cg_hw3\cg_hw3\main.cpp(1187): warning C4244: '引數' : 將 'double' 轉換為 'float'，由於型別不同，可能導致資料遺失
     1>d:\computergraphics\cg_hw3_sample\cg_hw3\cg_hw3\main.cpp(1188): warning C4305: '引數' : 從 'double' 轉換為 'float'，是由較大的型別轉換為較小的型別，可能導致資料遺失
     1>d:\computergraphics\cg_hw3_sample\cg_hw3\cg_hw3\main.cpp(1194): warning C4305: '引數' : 從 'double' 轉換為 'float'，是由較大的型別轉換為較小的型別，可能導致資料遺失
     1>d:\computergraphics\cg_hw3_sample\cg_hw3\cg_hw3\main.cpp(1194): warning C4305: '+=' : 從 'double' 轉換為 'GLfloat'，是由較大的型別轉換為較小的型別，可能導致資料遺失
     1>d:\computergraphics\cg_hw3_sample\cg_hw3\cg_hw3\main.cpp(1195): warning C4305: '引數' : 從 'double' 轉換為 'float'，是由較大的型別轉換為較小的型別，可能導致資料遺失
     1>d:\computergraphics\cg_hw3_sample\cg_hw3\cg_hw3\main.cpp(1195): warning C4305: '+=' : 從 'double' 轉換為 'GLfloat'，是由較大的型別轉換為較小的型別，可能導致資料遺失
     1>d:\computergraphics\cg_hw3_sample\cg_hw3\cg_hw3\main.cpp(1196): warning C4305: '引數' : 從 'double' 轉換為 'float'，是由較大的型別轉換為較小的型別，可能導致資料遺失
     1>d:\computergraphics\cg_hw3_sample\cg_hw3\cg_hw3\main.cpp(1196): warning C4305: '+=' : 從 'double' 轉換為 'GLfloat'，是由較大的型別轉換為較小的型別，可能導致資料遺失
     1>d:\computergraphics\cg_hw3_sample\cg_hw3\cg_hw3\main.cpp(1199): warning C4305: '+=' : 從 'double' 轉換為 'float'，是由較大的型別轉換為較小的型別，可能導致資料遺失
     1>d:\computergraphics\cg_hw3_sample\cg_hw3\cg_hw3\main.cpp(1209): warning C4244: '=' : 將 'double' 轉換為 'float'，由於型別不同，可能導致資料遺失
     1>d:\computergraphics\cg_hw3_sample\cg_hw3\cg_hw3\main.cpp(1210): warning C4244: '=' : 將 'double' 轉換為 'float'，由於型別不同，可能導致資料遺失
     1>d:\computergraphics\cg_hw3_sample\cg_hw3\cg_hw3\main.cpp(1211): warning C4244: '=' : 將 'double' 轉換為 'float'，由於型別不同，可能導致資料遺失
     1>d:\computergraphics\cg_hw3_sample\cg_hw3\cg_hw3\main.cpp(1216): warning C4244: '=' : 將 'double' 轉換為 'float'，由於型別不同，可能導致資料遺失
     1>d:\computergraphics\cg_hw3_sample\cg_hw3\cg_hw3\main.cpp(1217): warning C4244: '=' : 將 'double' 轉換為 'float'，由於型別不同，可能導致資料遺失
     1>d:\computergraphics\cg_hw3_sample\cg_hw3\cg_hw3\main.cpp(1218): warning C4244: '=' : 將 'double' 轉換為 'float'，由於型別不同，可能導致資料遺失
     1>d:\computergraphics\cg_hw3_sample\cg_hw3\cg_hw3\main.cpp(1226): warning C4244: '=' : 將 'double' 轉換為 'float'，由於型別不同，可能導致資料遺失
     1>d:\computergraphics\cg_hw3_sample\cg_hw3\cg_hw3\main.cpp(1230): warning C4305: '+=' : 從 'double' 轉換為 'float'，是由較大的型別轉換為較小的型別，可能導致資料遺失
     1>d:\computergraphics\cg_hw3_sample\cg_hw3\cg_hw3\main.cpp(1240): warning C4244: '=' : 將 'double' 轉換為 'float'，由於型別不同，可能導致資料遺失
     1>d:\computergraphics\cg_hw3_sample\cg_hw3\cg_hw3\main.cpp(1241): warning C4244: '=' : 將 'double' 轉換為 'float'，由於型別不同，可能導致資料遺失
     1>d:\computergraphics\cg_hw3_sample\cg_hw3\cg_hw3\main.cpp(1242): warning C4244: '=' : 將 'double' 轉換為 'float'，由於型別不同，可能導致資料遺失
     1>d:\computergraphics\cg_hw3_sample\cg_hw3\cg_hw3\main.cpp(1247): warning C4244: '=' : 將 'double' 轉換為 'float'，由於型別不同，可能導致資料遺失
     1>d:\computergraphics\cg_hw3_sample\cg_hw3\cg_hw3\main.cpp(1248): warning C4244: '=' : 將 'double' 轉換為 'float'，由於型別不同，可能導致資料遺失
     1>d:\computergraphics\cg_hw3_sample\cg_hw3\cg_hw3\main.cpp(1249): warning C4244: '=' : 將 'double' 轉換為 'float'，由於型別不同，可能導致資料遺失
     1>d:\computergraphics\cg_hw3_sample\cg_hw3\cg_hw3\main.cpp(1257): warning C4244: '=' : 將 'double' 轉換為 'float'，由於型別不同，可能導致資料遺失
     1>d:\computergraphics\cg_hw3_sample\cg_hw3\cg_hw3\main.cpp(1261): warning C4305: '+=' : 從 'double' 轉換為 'float'，是由較大的型別轉換為較小的型別，可能導致資料遺失
     1>d:\computergraphics\cg_hw3_sample\cg_hw3\cg_hw3\main.cpp(1271): warning C4244: '=' : 將 'double' 轉換為 'float'，由於型別不同，可能導致資料遺失
     1>d:\computergraphics\cg_hw3_sample\cg_hw3\cg_hw3\main.cpp(1272): warning C4244: '=' : 將 'double' 轉換為 'float'，由於型別不同，可能導致資料遺失
     1>d:\computergraphics\cg_hw3_sample\cg_hw3\cg_hw3\main.cpp(1273): warning C4244: '=' : 將 'double' 轉換為 'float'，由於型別不同，可能導致資料遺失
     1>d:\computergraphics\cg_hw3_sample\cg_hw3\cg_hw3\main.cpp(1278): warning C4244: '=' : 將 'double' 轉換為 'float'，由於型別不同，可能導致資料遺失
     1>d:\computergraphics\cg_hw3_sample\cg_hw3\cg_hw3\main.cpp(1279): warning C4244: '=' : 將 'double' 轉換為 'float'，由於型別不同，可能導致資料遺失
     1>d:\computergraphics\cg_hw3_sample\cg_hw3\cg_hw3\main.cpp(1280): warning C4244: '=' : 將 'double' 轉換為 'float'，由於型別不同，可能導致資料遺失
     1>d:\computergraphics\cg_hw3_sample\cg_hw3\cg_hw3\main.cpp(1288): warning C4244: '=' : 將 'double' 轉換為 'float'，由於型別不同，可能導致資料遺失
     1>d:\computergraphics\cg_hw3_sample\cg_hw3\cg_hw3\main.cpp(1296): warning C4244: '引數' : 將 'double' 轉換為 'float'，由於型別不同，可能導致資料遺失
     1>d:\computergraphics\cg_hw3_sample\cg_hw3\cg_hw3\main.cpp(1296): warning C4244: '引數' : 將 'double' 轉換為 'float'，由於型別不同，可能導致資料遺失
     1>d:\computergraphics\cg_hw3_sample\cg_hw3\cg_hw3\main.cpp(1296): warning C4244: '引數' : 將 'double' 轉換為 'float'，由於型別不同，可能導致資料遺失
     1>d:\computergraphics\cg_hw3_sample\cg_hw3\cg_hw3\main.cpp(1297): warning C4305: '引數' : 從 'double' 轉換為 'float'，是由較大的型別轉換為較小的型別，可能導致資料遺失
     1>d:\computergraphics\cg_hw3_sample\cg_hw3\cg_hw3\main.cpp(1301): warning C4244: '引數' : 將 'double' 轉換為 'float'，由於型別不同，可能導致資料遺失
     1>d:\computergraphics\cg_hw3_sample\cg_hw3\cg_hw3\main.cpp(1301): warning C4244: '引數' : 將 'double' 轉換為 'float'，由於型別不同，可能導致資料遺失
     1>d:\computergraphics\cg_hw3_sample\cg_hw3\cg_hw3\main.cpp(1301): warning C4244: '引數' : 將 'double' 轉換為 'float'，由於型別不同，可能導致資料遺失
     1>d:\computergraphics\cg_hw3_sample\cg_hw3\cg_hw3\main.cpp(1302): warning C4305: '引數' : 從 'double' 轉換為 'float'，是由較大的型別轉換為較小的型別，可能導致資料遺失
     1>d:\computergraphics\cg_hw3_sample\cg_hw3\cg_hw3\main.cpp(1306): warning C4244: '引數' : 將 'double' 轉換為 'float'，由於型別不同，可能導致資料遺失
     1>d:\computergraphics\cg_hw3_sample\cg_hw3\cg_hw3\main.cpp(1306): warning C4244: '引數' : 將 'double' 轉換為 'float'，由於型別不同，可能導致資料遺失
     1>d:\computergraphics\cg_hw3_sample\cg_hw3\cg_hw3\main.cpp(1306): warning C4244: '引數' : 將 'double' 轉換為 'float'，由於型別不同，可能導致資料遺失
     1>d:\computergraphics\cg_hw3_sample\cg_hw3\cg_hw3\main.cpp(1307): warning C4305: '引數' : 從 'double' 轉換為 'float'，是由較大的型別轉換為較小的型別，可能導致資料遺失
     1>d:\computergraphics\cg_hw3_sample\cg_hw3\cg_hw3\main.cpp(1313): warning C4244: '引數' : 將 'double' 轉換為 'float'，由於型別不同，可能導致資料遺失
     1>d:\computergraphics\cg_hw3_sample\cg_hw3\cg_hw3\main.cpp(1313): warning C4244: '引數' : 將 'double' 轉換為 'float'，由於型別不同，可能導致資料遺失
     1>d:\computergraphics\cg_hw3_sample\cg_hw3\cg_hw3\main.cpp(1313): warning C4244: '引數' : 將 'double' 轉換為 'float'，由於型別不同，可能導致資料遺失
     1>d:\computergraphics\cg_hw3_sample\cg_hw3\cg_hw3\main.cpp(1314): warning C4305: '引數' : 從 'double' 轉換為 'float'，是由較大的型別轉換為較小的型別，可能導致資料遺失
     1>d:\computergraphics\cg_hw3_sample\cg_hw3\cg_hw3\main.cpp(1318): warning C4244: '引數' : 將 'double' 轉換為 'float'，由於型別不同，可能導致資料遺失
     1>d:\computergraphics\cg_hw3_sample\cg_hw3\cg_hw3\main.cpp(1318): warning C4244: '引數' : 將 'double' 轉換為 'float'，由於型別不同，可能導致資料遺失
     1>d:\computergraphics\cg_hw3_sample\cg_hw3\cg_hw3\main.cpp(1318): warning C4244: '引數' : 將 'double' 轉換為 'float'，由於型別不同，可能導致資料遺失
     1>d:\computergraphics\cg_hw3_sample\cg_hw3\cg_hw3\main.cpp(1319): warning C4305: '引數' : 從 'double' 轉換為 'float'，是由較大的型別轉換為較小的型別，可能導致資料遺失
     1>d:\computergraphics\cg_hw3_sample\cg_hw3\cg_hw3\main.cpp(1323): warning C4244: '引數' : 將 'double' 轉換為 'float'，由於型別不同，可能導致資料遺失
     1>d:\computergraphics\cg_hw3_sample\cg_hw3\cg_hw3\main.cpp(1323): warning C4244: '引數' : 將 'double' 轉換為 'float'，由於型別不同，可能導致資料遺失
     1>d:\computergraphics\cg_hw3_sample\cg_hw3\cg_hw3\main.cpp(1323): warning C4244: '引數' : 將 'double' 轉換為 'float'，由於型別不同，可能導致資料遺失
     1>d:\computergraphics\cg_hw3_sample\cg_hw3\cg_hw3\main.cpp(1324): warning C4305: '引數' : 從 'double' 轉換為 'float'，是由較大的型別轉換為較小的型別，可能導致資料遺失
     1>d:\computergraphics\cg_hw3_sample\cg_hw3\cg_hw3\main.cpp(1330): warning C4305: '引數' : 從 'double' 轉換為 'float'，是由較大的型別轉換為較小的型別，可能導致資料遺失
     1>d:\computergraphics\cg_hw3_sample\cg_hw3\cg_hw3\main.cpp(1330): warning C4305: '+=' : 從 'double' 轉換為 'GLfloat'，是由較大的型別轉換為較小的型別，可能導致資料遺失
     1>d:\computergraphics\cg_hw3_sample\cg_hw3\cg_hw3\main.cpp(1331): warning C4305: '引數' : 從 'double' 轉換為 'float'，是由較大的型別轉換為較小的型別，可能導致資料遺失
     1>d:\computergraphics\cg_hw3_sample\cg_hw3\cg_hw3\main.cpp(1331): warning C4305: '+=' : 從 'double' 轉換為 'GLfloat'，是由較大的型別轉換為較小的型別，可能導致資料遺失
     1>d:\computergraphics\cg_hw3_sample\cg_hw3\cg_hw3\main.cpp(1332): warning C4305: '引數' : 從 'double' 轉換為 'float'，是由較大的型別轉換為較小的型別，可能導致資料遺失
     1>d:\computergraphics\cg_hw3_sample\cg_hw3\cg_hw3\main.cpp(1332): warning C4305: '+=' : 從 'double' 轉換為 'GLfloat'，是由較大的型別轉換為較小的型別，可能導致資料遺失
     1>d:\computergraphics\cg_hw3_sample\cg_hw3\cg_hw3\main.cpp(1335): warning C4305: '+=' : 從 'double' 轉換為 'float'，是由較大的型別轉換為較小的型別，可能導致資料遺失
     1>d:\computergraphics\cg_hw3_sample\cg_hw3\cg_hw3\main.cpp(1345): warning C4244: '=' : 將 'double' 轉換為 'float'，由於型別不同，可能導致資料遺失
     1>d:\computergraphics\cg_hw3_sample\cg_hw3\cg_hw3\main.cpp(1346): warning C4244: '=' : 將 'double' 轉換為 'float'，由於型別不同，可能導致資料遺失
     1>d:\computergraphics\cg_hw3_sample\cg_hw3\cg_hw3\main.cpp(1347): warning C4244: '=' : 將 'double' 轉換為 'float'，由於型別不同，可能導致資料遺失
     1>d:\computergraphics\cg_hw3_sample\cg_hw3\cg_hw3\main.cpp(1352): warning C4244: '=' : 將 'double' 轉換為 'float'，由於型別不同，可能導致資料遺失
     1>d:\computergraphics\cg_hw3_sample\cg_hw3\cg_hw3\main.cpp(1353): warning C4244: '=' : 將 'double' 轉換為 'float'，由於型別不同，可能導致資料遺失
     1>d:\computergraphics\cg_hw3_sample\cg_hw3\cg_hw3\main.cpp(1354): warning C4244: '=' : 將 'double' 轉換為 'float'，由於型別不同，可能導致資料遺失
     1>d:\computergraphics\cg_hw3_sample\cg_hw3\cg_hw3\main.cpp(1362): warning C4244: '=' : 將 'double' 轉換為 'float'，由於型別不同，可能導致資料遺失
     1>d:\computergraphics\cg_hw3_sample\cg_hw3\cg_hw3\main.cpp(1366): warning C4305: '+=' : 從 'double' 轉換為 'float'，是由較大的型別轉換為較小的型別，可能導致資料遺失
     1>d:\computergraphics\cg_hw3_sample\cg_hw3\cg_hw3\main.cpp(1377): warning C4244: '=' : 將 'double' 轉換為 'float'，由於型別不同，可能導致資料遺失
     1>d:\computergraphics\cg_hw3_sample\cg_hw3\cg_hw3\main.cpp(1378): warning C4244: '=' : 將 'double' 轉換為 'float'，由於型別不同，可能導致資料遺失
     1>d:\computergraphics\cg_hw3_sample\cg_hw3\cg_hw3\main.cpp(1379): warning C4244: '=' : 將 'double' 轉換為 'float'，由於型別不同，可能導致資料遺失
     1>d:\computergraphics\cg_hw3_sample\cg_hw3\cg_hw3\main.cpp(1384): warning C4244: '=' : 將 'double' 轉換為 'float'，由於型別不同，可能導致資料遺失
     1>d:\computergraphics\cg_hw3_sample\cg_hw3\cg_hw3\main.cpp(1385): warning C4244: '=' : 將 'double' 轉換為 'float'，由於型別不同，可能導致資料遺失
     1>d:\computergraphics\cg_hw3_sample\cg_hw3\cg_hw3\main.cpp(1386): warning C4244: '=' : 將 'double' 轉換為 'float'，由於型別不同，可能導致資料遺失
     1>d:\computergraphics\cg_hw3_sample\cg_hw3\cg_hw3\main.cpp(1394): warning C4244: '=' : 將 'double' 轉換為 'float'，由於型別不同，可能導致資料遺失
     1>d:\computergraphics\cg_hw3_sample\cg_hw3\cg_hw3\main.cpp(1398): warning C4305: '+=' : 從 'double' 轉換為 'float'，是由較大的型別轉換為較小的型別，可能導致資料遺失
     1>d:\computergraphics\cg_hw3_sample\cg_hw3\cg_hw3\main.cpp(1409): warning C4244: '=' : 將 'double' 轉換為 'float'，由於型別不同，可能導致資料遺失
     1>d:\computergraphics\cg_hw3_sample\cg_hw3\cg_hw3\main.cpp(1410): warning C4244: '=' : 將 'double' 轉換為 'float'，由於型別不同，可能導致資料遺失
     1>d:\computergraphics\cg_hw3_sample\cg_hw3\cg_hw3\main.cpp(1411): warning C4244: '=' : 將 'double' 轉換為 'float'，由於型別不同，可能導致資料遺失
     1>d:\computergraphics\cg_hw3_sample\cg_hw3\cg_hw3\main.cpp(1416): warning C4244: '=' : 將 'double' 轉換為 'float'，由於型別不同，可能導致資料遺失
     1>d:\computergraphics\cg_hw3_sample\cg_hw3\cg_hw3\main.cpp(1417): warning C4244: '=' : 將 'double' 轉換為 'float'，由於型別不同，可能導致資料遺失
     1>d:\computergraphics\cg_hw3_sample\cg_hw3\cg_hw3\main.cpp(1418): warning C4244: '=' : 將 'double' 轉換為 'float'，由於型別不同，可能導致資料遺失
     1>d:\computergraphics\cg_hw3_sample\cg_hw3\cg_hw3\main.cpp(1426): warning C4244: '=' : 將 'double' 轉換為 'float'，由於型別不同，可能導致資料遺失
     1>d:\computergraphics\cg_hw3_sample\cg_hw3\cg_hw3\main.cpp(1474): warning C4244: '=' : 將 'double' 轉換為 'float'，由於型別不同，可能導致資料遺失
     1>d:\computergraphics\cg_hw3_sample\cg_hw3\cg_hw3\main.cpp(1475): warning C4244: '=' : 將 'double' 轉換為 'float'，由於型別不同，可能導致資料遺失
     1>d:\computergraphics\cg_hw3_sample\cg_hw3\cg_hw3\main.cpp(1476): warning C4244: '=' : 將 'double' 轉換為 'float'，由於型別不同，可能導致資料遺失
     1>d:\computergraphics\cg_hw3_sample\cg_hw3\cg_hw3\main.cpp(1481): warning C4244: '=' : 將 'double' 轉換為 'float'，由於型別不同，可能導致資料遺失
     1>d:\computergraphics\cg_hw3_sample\cg_hw3\cg_hw3\main.cpp(1482): warning C4244: '=' : 將 'double' 轉換為 'float'，由於型別不同，可能導致資料遺失
     1>d:\computergraphics\cg_hw3_sample\cg_hw3\cg_hw3\main.cpp(1483): warning C4244: '=' : 將 'double' 轉換為 'float'，由於型別不同，可能導致資料遺失
       Link:
         C:\Program Files (x86)\Microsoft Visual Studio 10.0\VC\bin\link.exe /ERRORREPORT:PROMPT /OUT:"D:\computerGraphics\CG_HW3_sample\CG_HW3\CG_HW3\Debug\CG_HW3.exe" /INCREMENTAL /NOLOGO /LIBPATH:..\..\lib glew32.lib freeglut.lib kernel32.lib user32.lib gdi32.lib winspool.lib comdlg32.lib advapi32.lib shell32.lib ole32.lib oleaut32.lib uuid.lib odbc32.lib odbccp32.lib /MANIFEST /ManifestFile:"Debug\CG_HW3.exe.intermediate.manifest" /MANIFESTUAC:"level='asInvoker' uiAccess='false'" /DEBUG /PDB:"D:\computerGraphics\CG_HW3_sample\CG_HW3\CG_HW3\Debug\CG_HW3.pdb" /SUBSYSTEM:CONSOLE /TLBID:1 /DYNAMICBASE /NXCOMPAT /IMPLIB:"D:\computerGraphics\CG_HW3_sample\CG_HW3\CG_HW3\Debug\CG_HW3.lib" /MACHINE:X86 Debug\glm.obj
         Debug\main.obj
         Debug\MAT.obj
         Debug\Matrices.obj
         Debug\textfile.obj
         Debug\VEC.obj
         CG_HW3.vcxproj -> D:\computerGraphics\CG_HW3_sample\CG_HW3\CG_HW3\Debug\CG_HW3.exe
       Manifest:
         c:\Program Files (x86)\Microsoft SDKs\Windows\v7.0A\bin\mt.exe /nologo /verbose /out:"D:\computerGraphics\CG_HW3_sample\CG_HW3\CG_HW3\Debug\CG_HW3.exe.manifest" /manifest Debug\CG_HW3.exe.intermediate.manifest
       FinalizeBuildStatus:
         正在刪除檔案 "Debug\CG_HW3.unsuccessfulbuild"。
         正在變更時間戳記 "Debug\CG_HW3.lastbuildstate"。
     1>專案 "D:\computerGraphics\CG_HW3_sample\CG_HW3\CG_HW3\CG_HW3.vcxproj" (build 目標) 建置完成。

建置成功。

經過時間 00:00:01.13
