已經開始建置於 2015/4/24 下午 11:00:53。
     1>節點 2 (build 目標) 上的專案 "D:\computerGraphics\CG_HW2\CG_HW2_framework\CG_HW2\CG_HW2\CG_HW2.vcxproj"。
     1>InitializeBuildStatus:
         由於指定了 "AlwaysCreate"，因此正在建立 "Debug\CG_HW2.unsuccessfulbuild"。
       ClCompile:
         所有輸出都是最新的。
         C:\Program Files (x86)\Microsoft Visual Studio 10.0\VC\bin\CL.exe /c /I..\..\include /ZI /nologo /W3 /WX- /Od /Oy- /D WIN32 /D _DEBUG /D _CONSOLE /D _UNICODE /D UNICODE /Gm /EHsc /RTC1 /MDd /GS /fp:precise /Zc:wchar_t /Zc:forScope /Fo"Debug\\" /Fd"Debug\vc100.pdb" /Gd /TP /analyze- /errorReport:prompt main.cpp
         main.cpp
     1>d:\computergraphics\cg_hw2\cg_hw2_framework\cg_hw2\cg_hw2\main.cpp(22): warning C4005: 'far' : 巨集重複定義
                 c:\program files (x86)\microsoft sdks\windows\v7.0a\include\windef.h(91) : 請參閱 'far' 之前的定義
     1>d:\computergraphics\cg_hw2\cg_hw2_framework\cg_hw2\cg_hw2\main.cpp(23): warning C4005: 'near' : 巨集重複定義
                 c:\program files (x86)\microsoft sdks\windows\v7.0a\include\windef.h(92) : 請參閱 'near' 之前的定義
     1>d:\computergraphics\cg_hw2\cg_hw2_framework\cg_hw2\cg_hw2\main.cpp(190): warning C4244: '引數' : 將 'double' 轉換為 'float'，由於型別不同，可能導致資料遺失
     1>d:\computergraphics\cg_hw2\cg_hw2_framework\cg_hw2\cg_hw2\main.cpp(190): warning C4244: '引數' : 將 'double' 轉換為 'float'，由於型別不同，可能導致資料遺失
     1>d:\computergraphics\cg_hw2\cg_hw2_framework\cg_hw2\cg_hw2\main.cpp(190): warning C4244: '引數' : 將 'double' 轉換為 'float'，由於型別不同，可能導致資料遺失
     1>d:\computergraphics\cg_hw2\cg_hw2_framework\cg_hw2\cg_hw2\main.cpp(259): warning C4244: '=' : 將 'double' 轉換為 'float'，由於型別不同，可能導致資料遺失
     1>d:\computergraphics\cg_hw2\cg_hw2_framework\cg_hw2\cg_hw2\main.cpp(261): warning C4244: '引數' : 將 'double' 轉換為 'float'，由於型別不同，可能導致資料遺失
     1>d:\computergraphics\cg_hw2\cg_hw2_framework\cg_hw2\cg_hw2\main.cpp(261): warning C4244: '引數' : 將 'double' 轉換為 'float'，由於型別不同，可能導致資料遺失
     1>d:\computergraphics\cg_hw2\cg_hw2_framework\cg_hw2\cg_hw2\main.cpp(261): warning C4244: '引數' : 將 'double' 轉換為 'float'，由於型別不同，可能導致資料遺失
     1>d:\computergraphics\cg_hw2\cg_hw2_framework\cg_hw2\cg_hw2\main.cpp(262): warning C4244: '引數' : 將 'double' 轉換為 'float'，由於型別不同，可能導致資料遺失
     1>d:\computergraphics\cg_hw2\cg_hw2_framework\cg_hw2\cg_hw2\main.cpp(262): warning C4244: '引數' : 將 'double' 轉換為 'float'，由於型別不同，可能導致資料遺失
     1>d:\computergraphics\cg_hw2\cg_hw2_framework\cg_hw2\cg_hw2\main.cpp(262): warning C4244: '引數' : 將 'double' 轉換為 'float'，由於型別不同，可能導致資料遺失
     1>d:\computergraphics\cg_hw2\cg_hw2_framework\cg_hw2\cg_hw2\main.cpp(328): warning C4244: '=' : 將 'double' 轉換為 'float'，由於型別不同，可能導致資料遺失
     1>d:\computergraphics\cg_hw2\cg_hw2_framework\cg_hw2\cg_hw2\main.cpp(330): warning C4244: '引數' : 將 'double' 轉換為 'float'，由於型別不同，可能導致資料遺失
     1>d:\computergraphics\cg_hw2\cg_hw2_framework\cg_hw2\cg_hw2\main.cpp(330): warning C4244: '引數' : 將 'double' 轉換為 'float'，由於型別不同，可能導致資料遺失
     1>d:\computergraphics\cg_hw2\cg_hw2_framework\cg_hw2\cg_hw2\main.cpp(330): warning C4244: '引數' : 將 'double' 轉換為 'float'，由於型別不同，可能導致資料遺失
     1>d:\computergraphics\cg_hw2\cg_hw2_framework\cg_hw2\cg_hw2\main.cpp(331): warning C4244: '引數' : 將 'double' 轉換為 'float'，由於型別不同，可能導致資料遺失
     1>d:\computergraphics\cg_hw2\cg_hw2_framework\cg_hw2\cg_hw2\main.cpp(331): warning C4244: '引數' : 將 'double' 轉換為 'float'，由於型別不同，可能導致資料遺失
     1>d:\computergraphics\cg_hw2\cg_hw2_framework\cg_hw2\cg_hw2\main.cpp(331): warning C4244: '引數' : 將 'double' 轉換為 'float'，由於型別不同，可能導致資料遺失
     1>d:\computergraphics\cg_hw2\cg_hw2_framework\cg_hw2\cg_hw2\main.cpp(454): warning C4244: '=' : 將 'int' 轉換為 'float'，由於型別不同，可能導致資料遺失
     1>d:\computergraphics\cg_hw2\cg_hw2_framework\cg_hw2\cg_hw2\main.cpp(455): warning C4244: '=' : 將 'int' 轉換為 'float'，由於型別不同，可能導致資料遺失
     1>d:\computergraphics\cg_hw2\cg_hw2_framework\cg_hw2\cg_hw2\main.cpp(479): warning C4244: '引數' : 將 'double' 轉換為 'float'，由於型別不同，可能導致資料遺失
     1>d:\computergraphics\cg_hw2\cg_hw2_framework\cg_hw2\cg_hw2\main.cpp(479): warning C4244: '引數' : 將 'double' 轉換為 'float'，由於型別不同，可能導致資料遺失
     1>d:\computergraphics\cg_hw2\cg_hw2_framework\cg_hw2\cg_hw2\main.cpp(479): warning C4244: '引數' : 將 'double' 轉換為 'float'，由於型別不同，可能導致資料遺失
     1>d:\computergraphics\cg_hw2\cg_hw2_framework\cg_hw2\cg_hw2\main.cpp(480): warning C4305: '引數' : 從 'double' 轉換為 'float'，是由較大的型別轉換為較小的型別，可能導致資料遺失
     1>d:\computergraphics\cg_hw2\cg_hw2_framework\cg_hw2\cg_hw2\main.cpp(480): warning C4305: '引數' : 從 'double' 轉換為 'float'，是由較大的型別轉換為較小的型別，可能導致資料遺失
     1>d:\computergraphics\cg_hw2\cg_hw2_framework\cg_hw2\cg_hw2\main.cpp(480): warning C4305: '引數' : 從 'double' 轉換為 'float'，是由較大的型別轉換為較小的型別，可能導致資料遺失
     1>d:\computergraphics\cg_hw2\cg_hw2_framework\cg_hw2\cg_hw2\main.cpp(484): warning C4244: '引數' : 將 'double' 轉換為 'float'，由於型別不同，可能導致資料遺失
     1>d:\computergraphics\cg_hw2\cg_hw2_framework\cg_hw2\cg_hw2\main.cpp(484): warning C4244: '引數' : 將 'double' 轉換為 'float'，由於型別不同，可能導致資料遺失
     1>d:\computergraphics\cg_hw2\cg_hw2_framework\cg_hw2\cg_hw2\main.cpp(484): warning C4244: '引數' : 將 'double' 轉換為 'float'，由於型別不同，可能導致資料遺失
     1>d:\computergraphics\cg_hw2\cg_hw2_framework\cg_hw2\cg_hw2\main.cpp(485): warning C4305: '引數' : 從 'double' 轉換為 'float'，是由較大的型別轉換為較小的型別，可能導致資料遺失
     1>d:\computergraphics\cg_hw2\cg_hw2_framework\cg_hw2\cg_hw2\main.cpp(485): warning C4305: '引數' : 從 'double' 轉換為 'float'，是由較大的型別轉換為較小的型別，可能導致資料遺失
     1>d:\computergraphics\cg_hw2\cg_hw2_framework\cg_hw2\cg_hw2\main.cpp(485): warning C4305: '引數' : 從 'double' 轉換為 'float'，是由較大的型別轉換為較小的型別，可能導致資料遺失
     1>d:\computergraphics\cg_hw2\cg_hw2_framework\cg_hw2\cg_hw2\main.cpp(489): warning C4244: '引數' : 將 'double' 轉換為 'float'，由於型別不同，可能導致資料遺失
     1>d:\computergraphics\cg_hw2\cg_hw2_framework\cg_hw2\cg_hw2\main.cpp(489): warning C4244: '引數' : 將 'double' 轉換為 'float'，由於型別不同，可能導致資料遺失
     1>d:\computergraphics\cg_hw2\cg_hw2_framework\cg_hw2\cg_hw2\main.cpp(489): warning C4244: '引數' : 將 'double' 轉換為 'float'，由於型別不同，可能導致資料遺失
     1>d:\computergraphics\cg_hw2\cg_hw2_framework\cg_hw2\cg_hw2\main.cpp(490): warning C4305: '引數' : 從 'double' 轉換為 'float'，是由較大的型別轉換為較小的型別，可能導致資料遺失
     1>d:\computergraphics\cg_hw2\cg_hw2_framework\cg_hw2\cg_hw2\main.cpp(490): warning C4305: '引數' : 從 'double' 轉換為 'float'，是由較大的型別轉換為較小的型別，可能導致資料遺失
     1>d:\computergraphics\cg_hw2\cg_hw2_framework\cg_hw2\cg_hw2\main.cpp(490): warning C4305: '引數' : 從 'double' 轉換為 'float'，是由較大的型別轉換為較小的型別，可能導致資料遺失
     1>d:\computergraphics\cg_hw2\cg_hw2_framework\cg_hw2\cg_hw2\main.cpp(497): warning C4244: '引數' : 將 'double' 轉換為 'float'，由於型別不同，可能導致資料遺失
     1>d:\computergraphics\cg_hw2\cg_hw2_framework\cg_hw2\cg_hw2\main.cpp(497): warning C4244: '引數' : 將 'double' 轉換為 'float'，由於型別不同，可能導致資料遺失
     1>d:\computergraphics\cg_hw2\cg_hw2_framework\cg_hw2\cg_hw2\main.cpp(497): warning C4244: '引數' : 將 'double' 轉換為 'float'，由於型別不同，可能導致資料遺失
     1>d:\computergraphics\cg_hw2\cg_hw2_framework\cg_hw2\cg_hw2\main.cpp(498): warning C4305: '引數' : 從 'double' 轉換為 'float'，是由較大的型別轉換為較小的型別，可能導致資料遺失
     1>d:\computergraphics\cg_hw2\cg_hw2_framework\cg_hw2\cg_hw2\main.cpp(498): warning C4305: '引數' : 從 'double' 轉換為 'float'，是由較大的型別轉換為較小的型別，可能導致資料遺失
     1>d:\computergraphics\cg_hw2\cg_hw2_framework\cg_hw2\cg_hw2\main.cpp(498): warning C4305: '引數' : 從 'double' 轉換為 'float'，是由較大的型別轉換為較小的型別，可能導致資料遺失
     1>d:\computergraphics\cg_hw2\cg_hw2_framework\cg_hw2\cg_hw2\main.cpp(502): warning C4244: '引數' : 將 'double' 轉換為 'float'，由於型別不同，可能導致資料遺失
     1>d:\computergraphics\cg_hw2\cg_hw2_framework\cg_hw2\cg_hw2\main.cpp(502): warning C4244: '引數' : 將 'double' 轉換為 'float'，由於型別不同，可能導致資料遺失
     1>d:\computergraphics\cg_hw2\cg_hw2_framework\cg_hw2\cg_hw2\main.cpp(502): warning C4244: '引數' : 將 'double' 轉換為 'float'，由於型別不同，可能導致資料遺失
     1>d:\computergraphics\cg_hw2\cg_hw2_framework\cg_hw2\cg_hw2\main.cpp(503): warning C4305: '引數' : 從 'double' 轉換為 'float'，是由較大的型別轉換為較小的型別，可能導致資料遺失
     1>d:\computergraphics\cg_hw2\cg_hw2_framework\cg_hw2\cg_hw2\main.cpp(503): warning C4305: '引數' : 從 'double' 轉換為 'float'，是由較大的型別轉換為較小的型別，可能導致資料遺失
     1>d:\computergraphics\cg_hw2\cg_hw2_framework\cg_hw2\cg_hw2\main.cpp(503): warning C4305: '引數' : 從 'double' 轉換為 'float'，是由較大的型別轉換為較小的型別，可能導致資料遺失
     1>d:\computergraphics\cg_hw2\cg_hw2_framework\cg_hw2\cg_hw2\main.cpp(507): warning C4244: '引數' : 將 'double' 轉換為 'float'，由於型別不同，可能導致資料遺失
     1>d:\computergraphics\cg_hw2\cg_hw2_framework\cg_hw2\cg_hw2\main.cpp(507): warning C4244: '引數' : 將 'double' 轉換為 'float'，由於型別不同，可能導致資料遺失
     1>d:\computergraphics\cg_hw2\cg_hw2_framework\cg_hw2\cg_hw2\main.cpp(507): warning C4244: '引數' : 將 'double' 轉換為 'float'，由於型別不同，可能導致資料遺失
     1>d:\computergraphics\cg_hw2\cg_hw2_framework\cg_hw2\cg_hw2\main.cpp(508): warning C4305: '引數' : 從 'double' 轉換為 'float'，是由較大的型別轉換為較小的型別，可能導致資料遺失
     1>d:\computergraphics\cg_hw2\cg_hw2_framework\cg_hw2\cg_hw2\main.cpp(508): warning C4305: '引數' : 從 'double' 轉換為 'float'，是由較大的型別轉換為較小的型別，可能導致資料遺失
     1>d:\computergraphics\cg_hw2\cg_hw2_framework\cg_hw2\cg_hw2\main.cpp(508): warning C4305: '引數' : 從 'double' 轉換為 'float'，是由較大的型別轉換為較小的型別，可能導致資料遺失
     1>d:\computergraphics\cg_hw2\cg_hw2_framework\cg_hw2\cg_hw2\main.cpp(521): warning C4244: '引數' : 將 'double' 轉換為 'float'，由於型別不同，可能導致資料遺失
     1>d:\computergraphics\cg_hw2\cg_hw2_framework\cg_hw2\cg_hw2\main.cpp(521): warning C4244: '引數' : 將 'double' 轉換為 'float'，由於型別不同，可能導致資料遺失
     1>d:\computergraphics\cg_hw2\cg_hw2_framework\cg_hw2\cg_hw2\main.cpp(522): warning C4244: '+=' : 將 'double' 轉換為 'GLfloat'，由於型別不同，可能導致資料遺失
     1>d:\computergraphics\cg_hw2\cg_hw2_framework\cg_hw2\cg_hw2\main.cpp(523): warning C4244: '-=' : 將 'double' 轉換為 'GLfloat'，由於型別不同，可能導致資料遺失
     1>d:\computergraphics\cg_hw2\cg_hw2_framework\cg_hw2\cg_hw2\main.cpp(526): warning C4244: '引數' : 將 'double' 轉換為 'float'，由於型別不同，可能導致資料遺失
     1>d:\computergraphics\cg_hw2\cg_hw2_framework\cg_hw2\cg_hw2\main.cpp(526): warning C4244: '引數' : 將 'double' 轉換為 'float'，由於型別不同，可能導致資料遺失
     1>d:\computergraphics\cg_hw2\cg_hw2_framework\cg_hw2\cg_hw2\main.cpp(527): warning C4244: '+=' : 將 'double' 轉換為 'GLfloat'，由於型別不同，可能導致資料遺失
     1>d:\computergraphics\cg_hw2\cg_hw2_framework\cg_hw2\cg_hw2\main.cpp(528): warning C4244: '-=' : 將 'double' 轉換為 'GLfloat'，由於型別不同，可能導致資料遺失
     1>d:\computergraphics\cg_hw2\cg_hw2_framework\cg_hw2\cg_hw2\main.cpp(531): warning C4244: '引數' : 將 'double' 轉換為 'float'，由於型別不同，可能導致資料遺失
     1>d:\computergraphics\cg_hw2\cg_hw2_framework\cg_hw2\cg_hw2\main.cpp(531): warning C4244: '引數' : 將 'double' 轉換為 'float'，由於型別不同，可能導致資料遺失
     1>d:\computergraphics\cg_hw2\cg_hw2_framework\cg_hw2\cg_hw2\main.cpp(532): warning C4244: '+=' : 將 'double' 轉換為 'GLfloat'，由於型別不同，可能導致資料遺失
     1>d:\computergraphics\cg_hw2\cg_hw2_framework\cg_hw2\cg_hw2\main.cpp(533): warning C4244: '-=' : 將 'double' 轉換為 'GLfloat'，由於型別不同，可能導致資料遺失
     1>d:\computergraphics\cg_hw2\cg_hw2_framework\cg_hw2\cg_hw2\main.cpp(535): warning C4244: '=' : 將 'int' 轉換為 'float'，由於型別不同，可能導致資料遺失
     1>d:\computergraphics\cg_hw2\cg_hw2_framework\cg_hw2\cg_hw2\main.cpp(536): warning C4244: '=' : 將 'int' 轉換為 'float'，由於型別不同，可能導致資料遺失
     1>d:\computergraphics\cg_hw2\cg_hw2_framework\cg_hw2\cg_hw2\main.cpp(541): warning C4244: '引數' : 將 'double' 轉換為 'float'，由於型別不同，可能導致資料遺失
     1>d:\computergraphics\cg_hw2\cg_hw2_framework\cg_hw2\cg_hw2\main.cpp(541): warning C4244: '引數' : 將 'double' 轉換為 'float'，由於型別不同，可能導致資料遺失
     1>d:\computergraphics\cg_hw2\cg_hw2_framework\cg_hw2\cg_hw2\main.cpp(541): warning C4244: '引數' : 將 'double' 轉換為 'float'，由於型別不同，可能導致資料遺失
     1>d:\computergraphics\cg_hw2\cg_hw2_framework\cg_hw2\cg_hw2\main.cpp(542): warning C4244: '引數' : 將 'double' 轉換為 'float'，由於型別不同，可能導致資料遺失
     1>d:\computergraphics\cg_hw2\cg_hw2_framework\cg_hw2\cg_hw2\main.cpp(543): warning C4244: '引數' : 將 'double' 轉換為 'float'，由於型別不同，可能導致資料遺失
     1>d:\computergraphics\cg_hw2\cg_hw2_framework\cg_hw2\cg_hw2\main.cpp(547): warning C4244: '引數' : 將 'double' 轉換為 'float'，由於型別不同，可能導致資料遺失
     1>d:\computergraphics\cg_hw2\cg_hw2_framework\cg_hw2\cg_hw2\main.cpp(547): warning C4244: '引數' : 將 'double' 轉換為 'float'，由於型別不同，可能導致資料遺失
     1>d:\computergraphics\cg_hw2\cg_hw2_framework\cg_hw2\cg_hw2\main.cpp(547): warning C4244: '引數' : 將 'double' 轉換為 'float'，由於型別不同，可能導致資料遺失
     1>d:\computergraphics\cg_hw2\cg_hw2_framework\cg_hw2\cg_hw2\main.cpp(548): warning C4244: '引數' : 將 'double' 轉換為 'float'，由於型別不同，可能導致資料遺失
     1>d:\computergraphics\cg_hw2\cg_hw2_framework\cg_hw2\cg_hw2\main.cpp(549): warning C4244: '引數' : 將 'double' 轉換為 'float'，由於型別不同，可能導致資料遺失
     1>d:\computergraphics\cg_hw2\cg_hw2_framework\cg_hw2\cg_hw2\main.cpp(553): warning C4244: '引數' : 將 'double' 轉換為 'float'，由於型別不同，可能導致資料遺失
     1>d:\computergraphics\cg_hw2\cg_hw2_framework\cg_hw2\cg_hw2\main.cpp(553): warning C4244: '引數' : 將 'double' 轉換為 'float'，由於型別不同，可能導致資料遺失
     1>d:\computergraphics\cg_hw2\cg_hw2_framework\cg_hw2\cg_hw2\main.cpp(553): warning C4244: '引數' : 將 'double' 轉換為 'float'，由於型別不同，可能導致資料遺失
     1>d:\computergraphics\cg_hw2\cg_hw2_framework\cg_hw2\cg_hw2\main.cpp(554): warning C4244: '引數' : 將 'double' 轉換為 'float'，由於型別不同，可能導致資料遺失
     1>d:\computergraphics\cg_hw2\cg_hw2_framework\cg_hw2\cg_hw2\main.cpp(555): warning C4244: '引數' : 將 'double' 轉換為 'float'，由於型別不同，可能導致資料遺失
     1>d:\computergraphics\cg_hw2\cg_hw2_framework\cg_hw2\cg_hw2\main.cpp(558): warning C4244: '=' : 將 'int' 轉換為 'float'，由於型別不同，可能導致資料遺失
     1>d:\computergraphics\cg_hw2\cg_hw2_framework\cg_hw2\cg_hw2\main.cpp(559): warning C4244: '=' : 將 'int' 轉換為 'float'，由於型別不同，可能導致資料遺失
     1>d:\computergraphics\cg_hw2\cg_hw2_framework\cg_hw2\cg_hw2\main.cpp(661): warning C4244: '引數' : 將 'double' 轉換為 'float'，由於型別不同，可能導致資料遺失
     1>d:\computergraphics\cg_hw2\cg_hw2_framework\cg_hw2\cg_hw2\main.cpp(661): warning C4244: '引數' : 將 'double' 轉換為 'float'，由於型別不同，可能導致資料遺失
     1>d:\computergraphics\cg_hw2\cg_hw2_framework\cg_hw2\cg_hw2\main.cpp(661): warning C4244: '引數' : 將 'double' 轉換為 'float'，由於型別不同，可能導致資料遺失
     1>d:\computergraphics\cg_hw2\cg_hw2_framework\cg_hw2\cg_hw2\main.cpp(662): warning C4305: '引數' : 從 'double' 轉換為 'float'，是由較大的型別轉換為較小的型別，可能導致資料遺失
     1>d:\computergraphics\cg_hw2\cg_hw2_framework\cg_hw2\cg_hw2\main.cpp(666): warning C4244: '引數' : 將 'double' 轉換為 'float'，由於型別不同，可能導致資料遺失
     1>d:\computergraphics\cg_hw2\cg_hw2_framework\cg_hw2\cg_hw2\main.cpp(666): warning C4244: '引數' : 將 'double' 轉換為 'float'，由於型別不同，可能導致資料遺失
     1>d:\computergraphics\cg_hw2\cg_hw2_framework\cg_hw2\cg_hw2\main.cpp(666): warning C4244: '引數' : 將 'double' 轉換為 'float'，由於型別不同，可能導致資料遺失
     1>d:\computergraphics\cg_hw2\cg_hw2_framework\cg_hw2\cg_hw2\main.cpp(667): warning C4305: '引數' : 從 'double' 轉換為 'float'，是由較大的型別轉換為較小的型別，可能導致資料遺失
     1>d:\computergraphics\cg_hw2\cg_hw2_framework\cg_hw2\cg_hw2\main.cpp(671): warning C4244: '引數' : 將 'double' 轉換為 'float'，由於型別不同，可能導致資料遺失
     1>d:\computergraphics\cg_hw2\cg_hw2_framework\cg_hw2\cg_hw2\main.cpp(671): warning C4244: '引數' : 將 'double' 轉換為 'float'，由於型別不同，可能導致資料遺失
     1>d:\computergraphics\cg_hw2\cg_hw2_framework\cg_hw2\cg_hw2\main.cpp(671): warning C4244: '引數' : 將 'double' 轉換為 'float'，由於型別不同，可能導致資料遺失
     1>d:\computergraphics\cg_hw2\cg_hw2_framework\cg_hw2\cg_hw2\main.cpp(672): warning C4305: '引數' : 從 'double' 轉換為 'float'，是由較大的型別轉換為較小的型別，可能導致資料遺失
     1>d:\computergraphics\cg_hw2\cg_hw2_framework\cg_hw2\cg_hw2\main.cpp(678): warning C4244: '引數' : 將 'double' 轉換為 'float'，由於型別不同，可能導致資料遺失
     1>d:\computergraphics\cg_hw2\cg_hw2_framework\cg_hw2\cg_hw2\main.cpp(678): warning C4244: '引數' : 將 'double' 轉換為 'float'，由於型別不同，可能導致資料遺失
     1>d:\computergraphics\cg_hw2\cg_hw2_framework\cg_hw2\cg_hw2\main.cpp(678): warning C4244: '引數' : 將 'double' 轉換為 'float'，由於型別不同，可能導致資料遺失
     1>d:\computergraphics\cg_hw2\cg_hw2_framework\cg_hw2\cg_hw2\main.cpp(679): warning C4305: '引數' : 從 'double' 轉換為 'float'，是由較大的型別轉換為較小的型別，可能導致資料遺失
     1>d:\computergraphics\cg_hw2\cg_hw2_framework\cg_hw2\cg_hw2\main.cpp(683): warning C4244: '引數' : 將 'double' 轉換為 'float'，由於型別不同，可能導致資料遺失
     1>d:\computergraphics\cg_hw2\cg_hw2_framework\cg_hw2\cg_hw2\main.cpp(683): warning C4244: '引數' : 將 'double' 轉換為 'float'，由於型別不同，可能導致資料遺失
     1>d:\computergraphics\cg_hw2\cg_hw2_framework\cg_hw2\cg_hw2\main.cpp(683): warning C4244: '引數' : 將 'double' 轉換為 'float'，由於型別不同，可能導致資料遺失
     1>d:\computergraphics\cg_hw2\cg_hw2_framework\cg_hw2\cg_hw2\main.cpp(684): warning C4305: '引數' : 從 'double' 轉換為 'float'，是由較大的型別轉換為較小的型別，可能導致資料遺失
     1>d:\computergraphics\cg_hw2\cg_hw2_framework\cg_hw2\cg_hw2\main.cpp(688): warning C4244: '引數' : 將 'double' 轉換為 'float'，由於型別不同，可能導致資料遺失
     1>d:\computergraphics\cg_hw2\cg_hw2_framework\cg_hw2\cg_hw2\main.cpp(688): warning C4244: '引數' : 將 'double' 轉換為 'float'，由於型別不同，可能導致資料遺失
     1>d:\computergraphics\cg_hw2\cg_hw2_framework\cg_hw2\cg_hw2\main.cpp(688): warning C4244: '引數' : 將 'double' 轉換為 'float'，由於型別不同，可能導致資料遺失
     1>d:\computergraphics\cg_hw2\cg_hw2_framework\cg_hw2\cg_hw2\main.cpp(689): warning C4305: '引數' : 從 'double' 轉換為 'float'，是由較大的型別轉換為較小的型別，可能導致資料遺失
     1>d:\computergraphics\cg_hw2\cg_hw2_framework\cg_hw2\cg_hw2\main.cpp(695): warning C4305: '引數' : 從 'double' 轉換為 'float'，是由較大的型別轉換為較小的型別，可能導致資料遺失
     1>d:\computergraphics\cg_hw2\cg_hw2_framework\cg_hw2\cg_hw2\main.cpp(695): warning C4305: '-=' : 從 'double' 轉換為 'GLfloat'，是由較大的型別轉換為較小的型別，可能導致資料遺失
     1>d:\computergraphics\cg_hw2\cg_hw2_framework\cg_hw2\cg_hw2\main.cpp(696): warning C4305: '引數' : 從 'double' 轉換為 'float'，是由較大的型別轉換為較小的型別，可能導致資料遺失
     1>d:\computergraphics\cg_hw2\cg_hw2_framework\cg_hw2\cg_hw2\main.cpp(696): warning C4305: '-=' : 從 'double' 轉換為 'GLfloat'，是由較大的型別轉換為較小的型別，可能導致資料遺失
     1>d:\computergraphics\cg_hw2\cg_hw2_framework\cg_hw2\cg_hw2\main.cpp(697): warning C4305: '引數' : 從 'double' 轉換為 'float'，是由較大的型別轉換為較小的型別，可能導致資料遺失
     1>d:\computergraphics\cg_hw2\cg_hw2_framework\cg_hw2\cg_hw2\main.cpp(697): warning C4305: '-=' : 從 'double' 轉換為 'GLfloat'，是由較大的型別轉換為較小的型別，可能導致資料遺失
     1>d:\computergraphics\cg_hw2\cg_hw2_framework\cg_hw2\cg_hw2\main.cpp(700): warning C4305: '-=' : 從 'double' 轉換為 'float'，是由較大的型別轉換為較小的型別，可能導致資料遺失
     1>d:\computergraphics\cg_hw2\cg_hw2_framework\cg_hw2\cg_hw2\main.cpp(710): warning C4244: '=' : 將 'double' 轉換為 'float'，由於型別不同，可能導致資料遺失
     1>d:\computergraphics\cg_hw2\cg_hw2_framework\cg_hw2\cg_hw2\main.cpp(711): warning C4244: '=' : 將 'double' 轉換為 'float'，由於型別不同，可能導致資料遺失
     1>d:\computergraphics\cg_hw2\cg_hw2_framework\cg_hw2\cg_hw2\main.cpp(712): warning C4244: '=' : 將 'double' 轉換為 'float'，由於型別不同，可能導致資料遺失
     1>d:\computergraphics\cg_hw2\cg_hw2_framework\cg_hw2\cg_hw2\main.cpp(717): warning C4244: '=' : 將 'double' 轉換為 'float'，由於型別不同，可能導致資料遺失
     1>d:\computergraphics\cg_hw2\cg_hw2_framework\cg_hw2\cg_hw2\main.cpp(718): warning C4244: '=' : 將 'double' 轉換為 'float'，由於型別不同，可能導致資料遺失
     1>d:\computergraphics\cg_hw2\cg_hw2_framework\cg_hw2\cg_hw2\main.cpp(719): warning C4244: '=' : 將 'double' 轉換為 'float'，由於型別不同，可能導致資料遺失
     1>d:\computergraphics\cg_hw2\cg_hw2_framework\cg_hw2\cg_hw2\main.cpp(727): warning C4244: '=' : 將 'double' 轉換為 'float'，由於型別不同，可能導致資料遺失
     1>d:\computergraphics\cg_hw2\cg_hw2_framework\cg_hw2\cg_hw2\main.cpp(731): warning C4305: '-=' : 從 'double' 轉換為 'float'，是由較大的型別轉換為較小的型別，可能導致資料遺失
     1>d:\computergraphics\cg_hw2\cg_hw2_framework\cg_hw2\cg_hw2\main.cpp(741): warning C4244: '=' : 將 'double' 轉換為 'float'，由於型別不同，可能導致資料遺失
     1>d:\computergraphics\cg_hw2\cg_hw2_framework\cg_hw2\cg_hw2\main.cpp(742): warning C4244: '=' : 將 'double' 轉換為 'float'，由於型別不同，可能導致資料遺失
     1>d:\computergraphics\cg_hw2\cg_hw2_framework\cg_hw2\cg_hw2\main.cpp(743): warning C4244: '=' : 將 'double' 轉換為 'float'，由於型別不同，可能導致資料遺失
     1>d:\computergraphics\cg_hw2\cg_hw2_framework\cg_hw2\cg_hw2\main.cpp(748): warning C4244: '=' : 將 'double' 轉換為 'float'，由於型別不同，可能導致資料遺失
     1>d:\computergraphics\cg_hw2\cg_hw2_framework\cg_hw2\cg_hw2\main.cpp(749): warning C4244: '=' : 將 'double' 轉換為 'float'，由於型別不同，可能導致資料遺失
     1>d:\computergraphics\cg_hw2\cg_hw2_framework\cg_hw2\cg_hw2\main.cpp(750): warning C4244: '=' : 將 'double' 轉換為 'float'，由於型別不同，可能導致資料遺失
     1>d:\computergraphics\cg_hw2\cg_hw2_framework\cg_hw2\cg_hw2\main.cpp(758): warning C4244: '=' : 將 'double' 轉換為 'float'，由於型別不同，可能導致資料遺失
     1>d:\computergraphics\cg_hw2\cg_hw2_framework\cg_hw2\cg_hw2\main.cpp(762): warning C4305: '-=' : 從 'double' 轉換為 'float'，是由較大的型別轉換為較小的型別，可能導致資料遺失
     1>d:\computergraphics\cg_hw2\cg_hw2_framework\cg_hw2\cg_hw2\main.cpp(772): warning C4244: '=' : 將 'double' 轉換為 'float'，由於型別不同，可能導致資料遺失
     1>d:\computergraphics\cg_hw2\cg_hw2_framework\cg_hw2\cg_hw2\main.cpp(773): warning C4244: '=' : 將 'double' 轉換為 'float'，由於型別不同，可能導致資料遺失
     1>d:\computergraphics\cg_hw2\cg_hw2_framework\cg_hw2\cg_hw2\main.cpp(774): warning C4244: '=' : 將 'double' 轉換為 'float'，由於型別不同，可能導致資料遺失
     1>d:\computergraphics\cg_hw2\cg_hw2_framework\cg_hw2\cg_hw2\main.cpp(779): warning C4244: '=' : 將 'double' 轉換為 'float'，由於型別不同，可能導致資料遺失
     1>d:\computergraphics\cg_hw2\cg_hw2_framework\cg_hw2\cg_hw2\main.cpp(780): warning C4244: '=' : 將 'double' 轉換為 'float'，由於型別不同，可能導致資料遺失
     1>d:\computergraphics\cg_hw2\cg_hw2_framework\cg_hw2\cg_hw2\main.cpp(781): warning C4244: '=' : 將 'double' 轉換為 'float'，由於型別不同，可能導致資料遺失
     1>d:\computergraphics\cg_hw2\cg_hw2_framework\cg_hw2\cg_hw2\main.cpp(789): warning C4244: '=' : 將 'double' 轉換為 'float'，由於型別不同，可能導致資料遺失
     1>d:\computergraphics\cg_hw2\cg_hw2_framework\cg_hw2\cg_hw2\main.cpp(797): warning C4244: '引數' : 將 'double' 轉換為 'float'，由於型別不同，可能導致資料遺失
     1>d:\computergraphics\cg_hw2\cg_hw2_framework\cg_hw2\cg_hw2\main.cpp(797): warning C4244: '引數' : 將 'double' 轉換為 'float'，由於型別不同，可能導致資料遺失
     1>d:\computergraphics\cg_hw2\cg_hw2_framework\cg_hw2\cg_hw2\main.cpp(797): warning C4244: '引數' : 將 'double' 轉換為 'float'，由於型別不同，可能導致資料遺失
     1>d:\computergraphics\cg_hw2\cg_hw2_framework\cg_hw2\cg_hw2\main.cpp(798): warning C4305: '引數' : 從 'double' 轉換為 'float'，是由較大的型別轉換為較小的型別，可能導致資料遺失
     1>d:\computergraphics\cg_hw2\cg_hw2_framework\cg_hw2\cg_hw2\main.cpp(802): warning C4244: '引數' : 將 'double' 轉換為 'float'，由於型別不同，可能導致資料遺失
     1>d:\computergraphics\cg_hw2\cg_hw2_framework\cg_hw2\cg_hw2\main.cpp(802): warning C4244: '引數' : 將 'double' 轉換為 'float'，由於型別不同，可能導致資料遺失
     1>d:\computergraphics\cg_hw2\cg_hw2_framework\cg_hw2\cg_hw2\main.cpp(802): warning C4244: '引數' : 將 'double' 轉換為 'float'，由於型別不同，可能導致資料遺失
     1>d:\computergraphics\cg_hw2\cg_hw2_framework\cg_hw2\cg_hw2\main.cpp(803): warning C4305: '引數' : 從 'double' 轉換為 'float'，是由較大的型別轉換為較小的型別，可能導致資料遺失
     1>d:\computergraphics\cg_hw2\cg_hw2_framework\cg_hw2\cg_hw2\main.cpp(807): warning C4244: '引數' : 將 'double' 轉換為 'float'，由於型別不同，可能導致資料遺失
     1>d:\computergraphics\cg_hw2\cg_hw2_framework\cg_hw2\cg_hw2\main.cpp(807): warning C4244: '引數' : 將 'double' 轉換為 'float'，由於型別不同，可能導致資料遺失
     1>d:\computergraphics\cg_hw2\cg_hw2_framework\cg_hw2\cg_hw2\main.cpp(807): warning C4244: '引數' : 將 'double' 轉換為 'float'，由於型別不同，可能導致資料遺失
     1>d:\computergraphics\cg_hw2\cg_hw2_framework\cg_hw2\cg_hw2\main.cpp(808): warning C4305: '引數' : 從 'double' 轉換為 'float'，是由較大的型別轉換為較小的型別，可能導致資料遺失
     1>d:\computergraphics\cg_hw2\cg_hw2_framework\cg_hw2\cg_hw2\main.cpp(814): warning C4244: '引數' : 將 'double' 轉換為 'float'，由於型別不同，可能導致資料遺失
     1>d:\computergraphics\cg_hw2\cg_hw2_framework\cg_hw2\cg_hw2\main.cpp(814): warning C4244: '引數' : 將 'double' 轉換為 'float'，由於型別不同，可能導致資料遺失
     1>d:\computergraphics\cg_hw2\cg_hw2_framework\cg_hw2\cg_hw2\main.cpp(814): warning C4244: '引數' : 將 'double' 轉換為 'float'，由於型別不同，可能導致資料遺失
     1>d:\computergraphics\cg_hw2\cg_hw2_framework\cg_hw2\cg_hw2\main.cpp(815): warning C4305: '引數' : 從 'double' 轉換為 'float'，是由較大的型別轉換為較小的型別，可能導致資料遺失
     1>d:\computergraphics\cg_hw2\cg_hw2_framework\cg_hw2\cg_hw2\main.cpp(819): warning C4244: '引數' : 將 'double' 轉換為 'float'，由於型別不同，可能導致資料遺失
     1>d:\computergraphics\cg_hw2\cg_hw2_framework\cg_hw2\cg_hw2\main.cpp(819): warning C4244: '引數' : 將 'double' 轉換為 'float'，由於型別不同，可能導致資料遺失
     1>d:\computergraphics\cg_hw2\cg_hw2_framework\cg_hw2\cg_hw2\main.cpp(819): warning C4244: '引數' : 將 'double' 轉換為 'float'，由於型別不同，可能導致資料遺失
     1>d:\computergraphics\cg_hw2\cg_hw2_framework\cg_hw2\cg_hw2\main.cpp(820): warning C4305: '引數' : 從 'double' 轉換為 'float'，是由較大的型別轉換為較小的型別，可能導致資料遺失
     1>d:\computergraphics\cg_hw2\cg_hw2_framework\cg_hw2\cg_hw2\main.cpp(824): warning C4244: '引數' : 將 'double' 轉換為 'float'，由於型別不同，可能導致資料遺失
     1>d:\computergraphics\cg_hw2\cg_hw2_framework\cg_hw2\cg_hw2\main.cpp(824): warning C4244: '引數' : 將 'double' 轉換為 'float'，由於型別不同，可能導致資料遺失
     1>d:\computergraphics\cg_hw2\cg_hw2_framework\cg_hw2\cg_hw2\main.cpp(824): warning C4244: '引數' : 將 'double' 轉換為 'float'，由於型別不同，可能導致資料遺失
     1>d:\computergraphics\cg_hw2\cg_hw2_framework\cg_hw2\cg_hw2\main.cpp(825): warning C4305: '引數' : 從 'double' 轉換為 'float'，是由較大的型別轉換為較小的型別，可能導致資料遺失
     1>d:\computergraphics\cg_hw2\cg_hw2_framework\cg_hw2\cg_hw2\main.cpp(831): warning C4305: '引數' : 從 'double' 轉換為 'float'，是由較大的型別轉換為較小的型別，可能導致資料遺失
     1>d:\computergraphics\cg_hw2\cg_hw2_framework\cg_hw2\cg_hw2\main.cpp(831): warning C4305: '-=' : 從 'double' 轉換為 'GLfloat'，是由較大的型別轉換為較小的型別，可能導致資料遺失
     1>d:\computergraphics\cg_hw2\cg_hw2_framework\cg_hw2\cg_hw2\main.cpp(832): warning C4305: '引數' : 從 'double' 轉換為 'float'，是由較大的型別轉換為較小的型別，可能導致資料遺失
     1>d:\computergraphics\cg_hw2\cg_hw2_framework\cg_hw2\cg_hw2\main.cpp(832): warning C4305: '-=' : 從 'double' 轉換為 'GLfloat'，是由較大的型別轉換為較小的型別，可能導致資料遺失
     1>d:\computergraphics\cg_hw2\cg_hw2_framework\cg_hw2\cg_hw2\main.cpp(833): warning C4305: '引數' : 從 'double' 轉換為 'float'，是由較大的型別轉換為較小的型別，可能導致資料遺失
     1>d:\computergraphics\cg_hw2\cg_hw2_framework\cg_hw2\cg_hw2\main.cpp(833): warning C4305: '-=' : 從 'double' 轉換為 'GLfloat'，是由較大的型別轉換為較小的型別，可能導致資料遺失
     1>d:\computergraphics\cg_hw2\cg_hw2_framework\cg_hw2\cg_hw2\main.cpp(836): warning C4305: '-=' : 從 'double' 轉換為 'float'，是由較大的型別轉換為較小的型別，可能導致資料遺失
     1>d:\computergraphics\cg_hw2\cg_hw2_framework\cg_hw2\cg_hw2\main.cpp(846): warning C4244: '=' : 將 'double' 轉換為 'float'，由於型別不同，可能導致資料遺失
     1>d:\computergraphics\cg_hw2\cg_hw2_framework\cg_hw2\cg_hw2\main.cpp(847): warning C4244: '=' : 將 'double' 轉換為 'float'，由於型別不同，可能導致資料遺失
     1>d:\computergraphics\cg_hw2\cg_hw2_framework\cg_hw2\cg_hw2\main.cpp(848): warning C4244: '=' : 將 'double' 轉換為 'float'，由於型別不同，可能導致資料遺失
     1>d:\computergraphics\cg_hw2\cg_hw2_framework\cg_hw2\cg_hw2\main.cpp(853): warning C4244: '=' : 將 'double' 轉換為 'float'，由於型別不同，可能導致資料遺失
     1>d:\computergraphics\cg_hw2\cg_hw2_framework\cg_hw2\cg_hw2\main.cpp(854): warning C4244: '=' : 將 'double' 轉換為 'float'，由於型別不同，可能導致資料遺失
     1>d:\computergraphics\cg_hw2\cg_hw2_framework\cg_hw2\cg_hw2\main.cpp(855): warning C4244: '=' : 將 'double' 轉換為 'float'，由於型別不同，可能導致資料遺失
     1>d:\computergraphics\cg_hw2\cg_hw2_framework\cg_hw2\cg_hw2\main.cpp(863): warning C4244: '=' : 將 'double' 轉換為 'float'，由於型別不同，可能導致資料遺失
     1>d:\computergraphics\cg_hw2\cg_hw2_framework\cg_hw2\cg_hw2\main.cpp(867): warning C4305: '-=' : 從 'double' 轉換為 'float'，是由較大的型別轉換為較小的型別，可能導致資料遺失
     1>d:\computergraphics\cg_hw2\cg_hw2_framework\cg_hw2\cg_hw2\main.cpp(877): warning C4244: '=' : 將 'double' 轉換為 'float'，由於型別不同，可能導致資料遺失
     1>d:\computergraphics\cg_hw2\cg_hw2_framework\cg_hw2\cg_hw2\main.cpp(878): warning C4244: '=' : 將 'double' 轉換為 'float'，由於型別不同，可能導致資料遺失
     1>d:\computergraphics\cg_hw2\cg_hw2_framework\cg_hw2\cg_hw2\main.cpp(879): warning C4244: '=' : 將 'double' 轉換為 'float'，由於型別不同，可能導致資料遺失
     1>d:\computergraphics\cg_hw2\cg_hw2_framework\cg_hw2\cg_hw2\main.cpp(884): warning C4244: '=' : 將 'double' 轉換為 'float'，由於型別不同，可能導致資料遺失
     1>d:\computergraphics\cg_hw2\cg_hw2_framework\cg_hw2\cg_hw2\main.cpp(885): warning C4244: '=' : 將 'double' 轉換為 'float'，由於型別不同，可能導致資料遺失
     1>d:\computergraphics\cg_hw2\cg_hw2_framework\cg_hw2\cg_hw2\main.cpp(886): warning C4244: '=' : 將 'double' 轉換為 'float'，由於型別不同，可能導致資料遺失
     1>d:\computergraphics\cg_hw2\cg_hw2_framework\cg_hw2\cg_hw2\main.cpp(894): warning C4244: '=' : 將 'double' 轉換為 'float'，由於型別不同，可能導致資料遺失
     1>d:\computergraphics\cg_hw2\cg_hw2_framework\cg_hw2\cg_hw2\main.cpp(898): warning C4305: '-=' : 從 'double' 轉換為 'float'，是由較大的型別轉換為較小的型別，可能導致資料遺失
     1>d:\computergraphics\cg_hw2\cg_hw2_framework\cg_hw2\cg_hw2\main.cpp(908): warning C4244: '=' : 將 'double' 轉換為 'float'，由於型別不同，可能導致資料遺失
     1>d:\computergraphics\cg_hw2\cg_hw2_framework\cg_hw2\cg_hw2\main.cpp(909): warning C4244: '=' : 將 'double' 轉換為 'float'，由於型別不同，可能導致資料遺失
     1>d:\computergraphics\cg_hw2\cg_hw2_framework\cg_hw2\cg_hw2\main.cpp(910): warning C4244: '=' : 將 'double' 轉換為 'float'，由於型別不同，可能導致資料遺失
     1>d:\computergraphics\cg_hw2\cg_hw2_framework\cg_hw2\cg_hw2\main.cpp(915): warning C4244: '=' : 將 'double' 轉換為 'float'，由於型別不同，可能導致資料遺失
     1>d:\computergraphics\cg_hw2\cg_hw2_framework\cg_hw2\cg_hw2\main.cpp(916): warning C4244: '=' : 將 'double' 轉換為 'float'，由於型別不同，可能導致資料遺失
     1>d:\computergraphics\cg_hw2\cg_hw2_framework\cg_hw2\cg_hw2\main.cpp(917): warning C4244: '=' : 將 'double' 轉換為 'float'，由於型別不同，可能導致資料遺失
     1>d:\computergraphics\cg_hw2\cg_hw2_framework\cg_hw2\cg_hw2\main.cpp(925): warning C4244: '=' : 將 'double' 轉換為 'float'，由於型別不同，可能導致資料遺失
     1>d:\computergraphics\cg_hw2\cg_hw2_framework\cg_hw2\cg_hw2\main.cpp(933): warning C4244: '引數' : 將 'double' 轉換為 'float'，由於型別不同，可能導致資料遺失
     1>d:\computergraphics\cg_hw2\cg_hw2_framework\cg_hw2\cg_hw2\main.cpp(933): warning C4244: '引數' : 將 'double' 轉換為 'float'，由於型別不同，可能導致資料遺失
     1>d:\computergraphics\cg_hw2\cg_hw2_framework\cg_hw2\cg_hw2\main.cpp(933): warning C4244: '引數' : 將 'double' 轉換為 'float'，由於型別不同，可能導致資料遺失
     1>d:\computergraphics\cg_hw2\cg_hw2_framework\cg_hw2\cg_hw2\main.cpp(934): warning C4305: '引數' : 從 'double' 轉換為 'float'，是由較大的型別轉換為較小的型別，可能導致資料遺失
     1>d:\computergraphics\cg_hw2\cg_hw2_framework\cg_hw2\cg_hw2\main.cpp(938): warning C4244: '引數' : 將 'double' 轉換為 'float'，由於型別不同，可能導致資料遺失
     1>d:\computergraphics\cg_hw2\cg_hw2_framework\cg_hw2\cg_hw2\main.cpp(938): warning C4244: '引數' : 將 'double' 轉換為 'float'，由於型別不同，可能導致資料遺失
     1>d:\computergraphics\cg_hw2\cg_hw2_framework\cg_hw2\cg_hw2\main.cpp(938): warning C4244: '引數' : 將 'double' 轉換為 'float'，由於型別不同，可能導致資料遺失
     1>d:\computergraphics\cg_hw2\cg_hw2_framework\cg_hw2\cg_hw2\main.cpp(939): warning C4305: '引數' : 從 'double' 轉換為 'float'，是由較大的型別轉換為較小的型別，可能導致資料遺失
     1>d:\computergraphics\cg_hw2\cg_hw2_framework\cg_hw2\cg_hw2\main.cpp(943): warning C4244: '引數' : 將 'double' 轉換為 'float'，由於型別不同，可能導致資料遺失
     1>d:\computergraphics\cg_hw2\cg_hw2_framework\cg_hw2\cg_hw2\main.cpp(943): warning C4244: '引數' : 將 'double' 轉換為 'float'，由於型別不同，可能導致資料遺失
     1>d:\computergraphics\cg_hw2\cg_hw2_framework\cg_hw2\cg_hw2\main.cpp(943): warning C4244: '引數' : 將 'double' 轉換為 'float'，由於型別不同，可能導致資料遺失
     1>d:\computergraphics\cg_hw2\cg_hw2_framework\cg_hw2\cg_hw2\main.cpp(944): warning C4305: '引數' : 從 'double' 轉換為 'float'，是由較大的型別轉換為較小的型別，可能導致資料遺失
     1>d:\computergraphics\cg_hw2\cg_hw2_framework\cg_hw2\cg_hw2\main.cpp(950): warning C4244: '引數' : 將 'double' 轉換為 'float'，由於型別不同，可能導致資料遺失
     1>d:\computergraphics\cg_hw2\cg_hw2_framework\cg_hw2\cg_hw2\main.cpp(950): warning C4244: '引數' : 將 'double' 轉換為 'float'，由於型別不同，可能導致資料遺失
     1>d:\computergraphics\cg_hw2\cg_hw2_framework\cg_hw2\cg_hw2\main.cpp(950): warning C4244: '引數' : 將 'double' 轉換為 'float'，由於型別不同，可能導致資料遺失
     1>d:\computergraphics\cg_hw2\cg_hw2_framework\cg_hw2\cg_hw2\main.cpp(951): warning C4305: '引數' : 從 'double' 轉換為 'float'，是由較大的型別轉換為較小的型別，可能導致資料遺失
     1>d:\computergraphics\cg_hw2\cg_hw2_framework\cg_hw2\cg_hw2\main.cpp(955): warning C4244: '引數' : 將 'double' 轉換為 'float'，由於型別不同，可能導致資料遺失
     1>d:\computergraphics\cg_hw2\cg_hw2_framework\cg_hw2\cg_hw2\main.cpp(955): warning C4244: '引數' : 將 'double' 轉換為 'float'，由於型別不同，可能導致資料遺失
     1>d:\computergraphics\cg_hw2\cg_hw2_framework\cg_hw2\cg_hw2\main.cpp(955): warning C4244: '引數' : 將 'double' 轉換為 'float'，由於型別不同，可能導致資料遺失
     1>d:\computergraphics\cg_hw2\cg_hw2_framework\cg_hw2\cg_hw2\main.cpp(956): warning C4305: '引數' : 從 'double' 轉換為 'float'，是由較大的型別轉換為較小的型別，可能導致資料遺失
     1>d:\computergraphics\cg_hw2\cg_hw2_framework\cg_hw2\cg_hw2\main.cpp(960): warning C4244: '引數' : 將 'double' 轉換為 'float'，由於型別不同，可能導致資料遺失
     1>d:\computergraphics\cg_hw2\cg_hw2_framework\cg_hw2\cg_hw2\main.cpp(960): warning C4244: '引數' : 將 'double' 轉換為 'float'，由於型別不同，可能導致資料遺失
     1>d:\computergraphics\cg_hw2\cg_hw2_framework\cg_hw2\cg_hw2\main.cpp(960): warning C4244: '引數' : 將 'double' 轉換為 'float'，由於型別不同，可能導致資料遺失
     1>d:\computergraphics\cg_hw2\cg_hw2_framework\cg_hw2\cg_hw2\main.cpp(961): warning C4305: '引數' : 從 'double' 轉換為 'float'，是由較大的型別轉換為較小的型別，可能導致資料遺失
     1>d:\computergraphics\cg_hw2\cg_hw2_framework\cg_hw2\cg_hw2\main.cpp(967): warning C4305: '引數' : 從 'double' 轉換為 'float'，是由較大的型別轉換為較小的型別，可能導致資料遺失
     1>d:\computergraphics\cg_hw2\cg_hw2_framework\cg_hw2\cg_hw2\main.cpp(967): warning C4305: '-=' : 從 'double' 轉換為 'GLfloat'，是由較大的型別轉換為較小的型別，可能導致資料遺失
     1>d:\computergraphics\cg_hw2\cg_hw2_framework\cg_hw2\cg_hw2\main.cpp(968): warning C4305: '引數' : 從 'double' 轉換為 'float'，是由較大的型別轉換為較小的型別，可能導致資料遺失
     1>d:\computergraphics\cg_hw2\cg_hw2_framework\cg_hw2\cg_hw2\main.cpp(968): warning C4305: '-=' : 從 'double' 轉換為 'GLfloat'，是由較大的型別轉換為較小的型別，可能導致資料遺失
     1>d:\computergraphics\cg_hw2\cg_hw2_framework\cg_hw2\cg_hw2\main.cpp(969): warning C4305: '引數' : 從 'double' 轉換為 'float'，是由較大的型別轉換為較小的型別，可能導致資料遺失
     1>d:\computergraphics\cg_hw2\cg_hw2_framework\cg_hw2\cg_hw2\main.cpp(969): warning C4305: '-=' : 從 'double' 轉換為 'GLfloat'，是由較大的型別轉換為較小的型別，可能導致資料遺失
     1>d:\computergraphics\cg_hw2\cg_hw2_framework\cg_hw2\cg_hw2\main.cpp(972): warning C4305: '-=' : 從 'double' 轉換為 'float'，是由較大的型別轉換為較小的型別，可能導致資料遺失
     1>d:\computergraphics\cg_hw2\cg_hw2_framework\cg_hw2\cg_hw2\main.cpp(982): warning C4244: '=' : 將 'double' 轉換為 'float'，由於型別不同，可能導致資料遺失
     1>d:\computergraphics\cg_hw2\cg_hw2_framework\cg_hw2\cg_hw2\main.cpp(983): warning C4244: '=' : 將 'double' 轉換為 'float'，由於型別不同，可能導致資料遺失
     1>d:\computergraphics\cg_hw2\cg_hw2_framework\cg_hw2\cg_hw2\main.cpp(984): warning C4244: '=' : 將 'double' 轉換為 'float'，由於型別不同，可能導致資料遺失
     1>d:\computergraphics\cg_hw2\cg_hw2_framework\cg_hw2\cg_hw2\main.cpp(989): warning C4244: '=' : 將 'double' 轉換為 'float'，由於型別不同，可能導致資料遺失
     1>d:\computergraphics\cg_hw2\cg_hw2_framework\cg_hw2\cg_hw2\main.cpp(990): warning C4244: '=' : 將 'double' 轉換為 'float'，由於型別不同，可能導致資料遺失
     1>d:\computergraphics\cg_hw2\cg_hw2_framework\cg_hw2\cg_hw2\main.cpp(991): warning C4244: '=' : 將 'double' 轉換為 'float'，由於型別不同，可能導致資料遺失
     1>d:\computergraphics\cg_hw2\cg_hw2_framework\cg_hw2\cg_hw2\main.cpp(999): warning C4244: '=' : 將 'double' 轉換為 'float'，由於型別不同，可能導致資料遺失
     1>d:\computergraphics\cg_hw2\cg_hw2_framework\cg_hw2\cg_hw2\main.cpp(1003): warning C4305: '-=' : 從 'double' 轉換為 'float'，是由較大的型別轉換為較小的型別，可能導致資料遺失
     1>d:\computergraphics\cg_hw2\cg_hw2_framework\cg_hw2\cg_hw2\main.cpp(1013): warning C4244: '=' : 將 'double' 轉換為 'float'，由於型別不同，可能導致資料遺失
     1>d:\computergraphics\cg_hw2\cg_hw2_framework\cg_hw2\cg_hw2\main.cpp(1014): warning C4244: '=' : 將 'double' 轉換為 'float'，由於型別不同，可能導致資料遺失
     1>d:\computergraphics\cg_hw2\cg_hw2_framework\cg_hw2\cg_hw2\main.cpp(1015): warning C4244: '=' : 將 'double' 轉換為 'float'，由於型別不同，可能導致資料遺失
     1>d:\computergraphics\cg_hw2\cg_hw2_framework\cg_hw2\cg_hw2\main.cpp(1020): warning C4244: '=' : 將 'double' 轉換為 'float'，由於型別不同，可能導致資料遺失
     1>d:\computergraphics\cg_hw2\cg_hw2_framework\cg_hw2\cg_hw2\main.cpp(1021): warning C4244: '=' : 將 'double' 轉換為 'float'，由於型別不同，可能導致資料遺失
     1>d:\computergraphics\cg_hw2\cg_hw2_framework\cg_hw2\cg_hw2\main.cpp(1022): warning C4244: '=' : 將 'double' 轉換為 'float'，由於型別不同，可能導致資料遺失
     1>d:\computergraphics\cg_hw2\cg_hw2_framework\cg_hw2\cg_hw2\main.cpp(1030): warning C4244: '=' : 將 'double' 轉換為 'float'，由於型別不同，可能導致資料遺失
     1>d:\computergraphics\cg_hw2\cg_hw2_framework\cg_hw2\cg_hw2\main.cpp(1034): warning C4305: '-=' : 從 'double' 轉換為 'float'，是由較大的型別轉換為較小的型別，可能導致資料遺失
     1>d:\computergraphics\cg_hw2\cg_hw2_framework\cg_hw2\cg_hw2\main.cpp(1044): warning C4244: '=' : 將 'double' 轉換為 'float'，由於型別不同，可能導致資料遺失
     1>d:\computergraphics\cg_hw2\cg_hw2_framework\cg_hw2\cg_hw2\main.cpp(1045): warning C4244: '=' : 將 'double' 轉換為 'float'，由於型別不同，可能導致資料遺失
     1>d:\computergraphics\cg_hw2\cg_hw2_framework\cg_hw2\cg_hw2\main.cpp(1046): warning C4244: '=' : 將 'double' 轉換為 'float'，由於型別不同，可能導致資料遺失
     1>d:\computergraphics\cg_hw2\cg_hw2_framework\cg_hw2\cg_hw2\main.cpp(1051): warning C4244: '=' : 將 'double' 轉換為 'float'，由於型別不同，可能導致資料遺失
     1>d:\computergraphics\cg_hw2\cg_hw2_framework\cg_hw2\cg_hw2\main.cpp(1052): warning C4244: '=' : 將 'double' 轉換為 'float'，由於型別不同，可能導致資料遺失
     1>d:\computergraphics\cg_hw2\cg_hw2_framework\cg_hw2\cg_hw2\main.cpp(1053): warning C4244: '=' : 將 'double' 轉換為 'float'，由於型別不同，可能導致資料遺失
     1>d:\computergraphics\cg_hw2\cg_hw2_framework\cg_hw2\cg_hw2\main.cpp(1061): warning C4244: '=' : 將 'double' 轉換為 'float'，由於型別不同，可能導致資料遺失
     1>d:\computergraphics\cg_hw2\cg_hw2_framework\cg_hw2\cg_hw2\main.cpp(1069): warning C4244: '引數' : 將 'double' 轉換為 'float'，由於型別不同，可能導致資料遺失
     1>d:\computergraphics\cg_hw2\cg_hw2_framework\cg_hw2\cg_hw2\main.cpp(1069): warning C4244: '引數' : 將 'double' 轉換為 'float'，由於型別不同，可能導致資料遺失
     1>d:\computergraphics\cg_hw2\cg_hw2_framework\cg_hw2\cg_hw2\main.cpp(1069): warning C4244: '引數' : 將 'double' 轉換為 'float'，由於型別不同，可能導致資料遺失
     1>d:\computergraphics\cg_hw2\cg_hw2_framework\cg_hw2\cg_hw2\main.cpp(1070): warning C4305: '引數' : 從 'double' 轉換為 'float'，是由較大的型別轉換為較小的型別，可能導致資料遺失
     1>d:\computergraphics\cg_hw2\cg_hw2_framework\cg_hw2\cg_hw2\main.cpp(1074): warning C4244: '引數' : 將 'double' 轉換為 'float'，由於型別不同，可能導致資料遺失
     1>d:\computergraphics\cg_hw2\cg_hw2_framework\cg_hw2\cg_hw2\main.cpp(1074): warning C4244: '引數' : 將 'double' 轉換為 'float'，由於型別不同，可能導致資料遺失
     1>d:\computergraphics\cg_hw2\cg_hw2_framework\cg_hw2\cg_hw2\main.cpp(1074): warning C4244: '引數' : 將 'double' 轉換為 'float'，由於型別不同，可能導致資料遺失
     1>d:\computergraphics\cg_hw2\cg_hw2_framework\cg_hw2\cg_hw2\main.cpp(1075): warning C4305: '引數' : 從 'double' 轉換為 'float'，是由較大的型別轉換為較小的型別，可能導致資料遺失
     1>d:\computergraphics\cg_hw2\cg_hw2_framework\cg_hw2\cg_hw2\main.cpp(1079): warning C4244: '引數' : 將 'double' 轉換為 'float'，由於型別不同，可能導致資料遺失
     1>d:\computergraphics\cg_hw2\cg_hw2_framework\cg_hw2\cg_hw2\main.cpp(1079): warning C4244: '引數' : 將 'double' 轉換為 'float'，由於型別不同，可能導致資料遺失
     1>d:\computergraphics\cg_hw2\cg_hw2_framework\cg_hw2\cg_hw2\main.cpp(1079): warning C4244: '引數' : 將 'double' 轉換為 'float'，由於型別不同，可能導致資料遺失
     1>d:\computergraphics\cg_hw2\cg_hw2_framework\cg_hw2\cg_hw2\main.cpp(1080): warning C4305: '引數' : 從 'double' 轉換為 'float'，是由較大的型別轉換為較小的型別，可能導致資料遺失
     1>d:\computergraphics\cg_hw2\cg_hw2_framework\cg_hw2\cg_hw2\main.cpp(1086): warning C4244: '引數' : 將 'double' 轉換為 'float'，由於型別不同，可能導致資料遺失
     1>d:\computergraphics\cg_hw2\cg_hw2_framework\cg_hw2\cg_hw2\main.cpp(1086): warning C4244: '引數' : 將 'double' 轉換為 'float'，由於型別不同，可能導致資料遺失
     1>d:\computergraphics\cg_hw2\cg_hw2_framework\cg_hw2\cg_hw2\main.cpp(1086): warning C4244: '引數' : 將 'double' 轉換為 'float'，由於型別不同，可能導致資料遺失
     1>d:\computergraphics\cg_hw2\cg_hw2_framework\cg_hw2\cg_hw2\main.cpp(1087): warning C4305: '引數' : 從 'double' 轉換為 'float'，是由較大的型別轉換為較小的型別，可能導致資料遺失
     1>d:\computergraphics\cg_hw2\cg_hw2_framework\cg_hw2\cg_hw2\main.cpp(1091): warning C4244: '引數' : 將 'double' 轉換為 'float'，由於型別不同，可能導致資料遺失
     1>d:\computergraphics\cg_hw2\cg_hw2_framework\cg_hw2\cg_hw2\main.cpp(1091): warning C4244: '引數' : 將 'double' 轉換為 'float'，由於型別不同，可能導致資料遺失
     1>d:\computergraphics\cg_hw2\cg_hw2_framework\cg_hw2\cg_hw2\main.cpp(1091): warning C4244: '引數' : 將 'double' 轉換為 'float'，由於型別不同，可能導致資料遺失
     1>d:\computergraphics\cg_hw2\cg_hw2_framework\cg_hw2\cg_hw2\main.cpp(1092): warning C4305: '引數' : 從 'double' 轉換為 'float'，是由較大的型別轉換為較小的型別，可能導致資料遺失
     1>d:\computergraphics\cg_hw2\cg_hw2_framework\cg_hw2\cg_hw2\main.cpp(1096): warning C4244: '引數' : 將 'double' 轉換為 'float'，由於型別不同，可能導致資料遺失
     1>d:\computergraphics\cg_hw2\cg_hw2_framework\cg_hw2\cg_hw2\main.cpp(1096): warning C4244: '引數' : 將 'double' 轉換為 'float'，由於型別不同，可能導致資料遺失
     1>d:\computergraphics\cg_hw2\cg_hw2_framework\cg_hw2\cg_hw2\main.cpp(1096): warning C4244: '引數' : 將 'double' 轉換為 'float'，由於型別不同，可能導致資料遺失
     1>d:\computergraphics\cg_hw2\cg_hw2_framework\cg_hw2\cg_hw2\main.cpp(1097): warning C4305: '引數' : 從 'double' 轉換為 'float'，是由較大的型別轉換為較小的型別，可能導致資料遺失
     1>d:\computergraphics\cg_hw2\cg_hw2_framework\cg_hw2\cg_hw2\main.cpp(1103): warning C4305: '引數' : 從 'double' 轉換為 'float'，是由較大的型別轉換為較小的型別，可能導致資料遺失
     1>d:\computergraphics\cg_hw2\cg_hw2_framework\cg_hw2\cg_hw2\main.cpp(1103): warning C4305: '+=' : 從 'double' 轉換為 'GLfloat'，是由較大的型別轉換為較小的型別，可能導致資料遺失
     1>d:\computergraphics\cg_hw2\cg_hw2_framework\cg_hw2\cg_hw2\main.cpp(1104): warning C4305: '引數' : 從 'double' 轉換為 'float'，是由較大的型別轉換為較小的型別，可能導致資料遺失
     1>d:\computergraphics\cg_hw2\cg_hw2_framework\cg_hw2\cg_hw2\main.cpp(1104): warning C4305: '+=' : 從 'double' 轉換為 'GLfloat'，是由較大的型別轉換為較小的型別，可能導致資料遺失
     1>d:\computergraphics\cg_hw2\cg_hw2_framework\cg_hw2\cg_hw2\main.cpp(1105): warning C4305: '引數' : 從 'double' 轉換為 'float'，是由較大的型別轉換為較小的型別，可能導致資料遺失
     1>d:\computergraphics\cg_hw2\cg_hw2_framework\cg_hw2\cg_hw2\main.cpp(1105): warning C4305: '+=' : 從 'double' 轉換為 'GLfloat'，是由較大的型別轉換為較小的型別，可能導致資料遺失
     1>d:\computergraphics\cg_hw2\cg_hw2_framework\cg_hw2\cg_hw2\main.cpp(1108): warning C4305: '+=' : 從 'double' 轉換為 'float'，是由較大的型別轉換為較小的型別，可能導致資料遺失
     1>d:\computergraphics\cg_hw2\cg_hw2_framework\cg_hw2\cg_hw2\main.cpp(1118): warning C4244: '=' : 將 'double' 轉換為 'float'，由於型別不同，可能導致資料遺失
     1>d:\computergraphics\cg_hw2\cg_hw2_framework\cg_hw2\cg_hw2\main.cpp(1119): warning C4244: '=' : 將 'double' 轉換為 'float'，由於型別不同，可能導致資料遺失
     1>d:\computergraphics\cg_hw2\cg_hw2_framework\cg_hw2\cg_hw2\main.cpp(1120): warning C4244: '=' : 將 'double' 轉換為 'float'，由於型別不同，可能導致資料遺失
     1>d:\computergraphics\cg_hw2\cg_hw2_framework\cg_hw2\cg_hw2\main.cpp(1125): warning C4244: '=' : 將 'double' 轉換為 'float'，由於型別不同，可能導致資料遺失
     1>d:\computergraphics\cg_hw2\cg_hw2_framework\cg_hw2\cg_hw2\main.cpp(1126): warning C4244: '=' : 將 'double' 轉換為 'float'，由於型別不同，可能導致資料遺失
     1>d:\computergraphics\cg_hw2\cg_hw2_framework\cg_hw2\cg_hw2\main.cpp(1127): warning C4244: '=' : 將 'double' 轉換為 'float'，由於型別不同，可能導致資料遺失
     1>d:\computergraphics\cg_hw2\cg_hw2_framework\cg_hw2\cg_hw2\main.cpp(1135): warning C4244: '=' : 將 'double' 轉換為 'float'，由於型別不同，可能導致資料遺失
     1>d:\computergraphics\cg_hw2\cg_hw2_framework\cg_hw2\cg_hw2\main.cpp(1139): warning C4305: '+=' : 從 'double' 轉換為 'float'，是由較大的型別轉換為較小的型別，可能導致資料遺失
     1>d:\computergraphics\cg_hw2\cg_hw2_framework\cg_hw2\cg_hw2\main.cpp(1149): warning C4244: '=' : 將 'double' 轉換為 'float'，由於型別不同，可能導致資料遺失
     1>d:\computergraphics\cg_hw2\cg_hw2_framework\cg_hw2\cg_hw2\main.cpp(1150): warning C4244: '=' : 將 'double' 轉換為 'float'，由於型別不同，可能導致資料遺失
     1>d:\computergraphics\cg_hw2\cg_hw2_framework\cg_hw2\cg_hw2\main.cpp(1151): warning C4244: '=' : 將 'double' 轉換為 'float'，由於型別不同，可能導致資料遺失
     1>d:\computergraphics\cg_hw2\cg_hw2_framework\cg_hw2\cg_hw2\main.cpp(1156): warning C4244: '=' : 將 'double' 轉換為 'float'，由於型別不同，可能導致資料遺失
     1>d:\computergraphics\cg_hw2\cg_hw2_framework\cg_hw2\cg_hw2\main.cpp(1157): warning C4244: '=' : 將 'double' 轉換為 'float'，由於型別不同，可能導致資料遺失
     1>d:\computergraphics\cg_hw2\cg_hw2_framework\cg_hw2\cg_hw2\main.cpp(1158): warning C4244: '=' : 將 'double' 轉換為 'float'，由於型別不同，可能導致資料遺失
     1>d:\computergraphics\cg_hw2\cg_hw2_framework\cg_hw2\cg_hw2\main.cpp(1166): warning C4244: '=' : 將 'double' 轉換為 'float'，由於型別不同，可能導致資料遺失
     1>d:\computergraphics\cg_hw2\cg_hw2_framework\cg_hw2\cg_hw2\main.cpp(1170): warning C4305: '+=' : 從 'double' 轉換為 'float'，是由較大的型別轉換為較小的型別，可能導致資料遺失
     1>d:\computergraphics\cg_hw2\cg_hw2_framework\cg_hw2\cg_hw2\main.cpp(1180): warning C4244: '=' : 將 'double' 轉換為 'float'，由於型別不同，可能導致資料遺失
     1>d:\computergraphics\cg_hw2\cg_hw2_framework\cg_hw2\cg_hw2\main.cpp(1181): warning C4244: '=' : 將 'double' 轉換為 'float'，由於型別不同，可能導致資料遺失
     1>d:\computergraphics\cg_hw2\cg_hw2_framework\cg_hw2\cg_hw2\main.cpp(1182): warning C4244: '=' : 將 'double' 轉換為 'float'，由於型別不同，可能導致資料遺失
     1>d:\computergraphics\cg_hw2\cg_hw2_framework\cg_hw2\cg_hw2\main.cpp(1187): warning C4244: '=' : 將 'double' 轉換為 'float'，由於型別不同，可能導致資料遺失
     1>d:\computergraphics\cg_hw2\cg_hw2_framework\cg_hw2\cg_hw2\main.cpp(1188): warning C4244: '=' : 將 'double' 轉換為 'float'，由於型別不同，可能導致資料遺失
     1>d:\computergraphics\cg_hw2\cg_hw2_framework\cg_hw2\cg_hw2\main.cpp(1189): warning C4244: '=' : 將 'double' 轉換為 'float'，由於型別不同，可能導致資料遺失
     1>d:\computergraphics\cg_hw2\cg_hw2_framework\cg_hw2\cg_hw2\main.cpp(1197): warning C4244: '=' : 將 'double' 轉換為 'float'，由於型別不同，可能導致資料遺失
     1>d:\computergraphics\cg_hw2\cg_hw2_framework\cg_hw2\cg_hw2\main.cpp(1205): warning C4244: '引數' : 將 'double' 轉換為 'float'，由於型別不同，可能導致資料遺失
     1>d:\computergraphics\cg_hw2\cg_hw2_framework\cg_hw2\cg_hw2\main.cpp(1205): warning C4244: '引數' : 將 'double' 轉換為 'float'，由於型別不同，可能導致資料遺失
     1>d:\computergraphics\cg_hw2\cg_hw2_framework\cg_hw2\cg_hw2\main.cpp(1205): warning C4244: '引數' : 將 'double' 轉換為 'float'，由於型別不同，可能導致資料遺失
     1>d:\computergraphics\cg_hw2\cg_hw2_framework\cg_hw2\cg_hw2\main.cpp(1206): warning C4305: '引數' : 從 'double' 轉換為 'float'，是由較大的型別轉換為較小的型別，可能導致資料遺失
     1>d:\computergraphics\cg_hw2\cg_hw2_framework\cg_hw2\cg_hw2\main.cpp(1210): warning C4244: '引數' : 將 'double' 轉換為 'float'，由於型別不同，可能導致資料遺失
     1>d:\computergraphics\cg_hw2\cg_hw2_framework\cg_hw2\cg_hw2\main.cpp(1210): warning C4244: '引數' : 將 'double' 轉換為 'float'，由於型別不同，可能導致資料遺失
     1>d:\computergraphics\cg_hw2\cg_hw2_framework\cg_hw2\cg_hw2\main.cpp(1210): warning C4244: '引數' : 將 'double' 轉換為 'float'，由於型別不同，可能導致資料遺失
     1>d:\computergraphics\cg_hw2\cg_hw2_framework\cg_hw2\cg_hw2\main.cpp(1211): warning C4305: '引數' : 從 'double' 轉換為 'float'，是由較大的型別轉換為較小的型別，可能導致資料遺失
     1>d:\computergraphics\cg_hw2\cg_hw2_framework\cg_hw2\cg_hw2\main.cpp(1215): warning C4244: '引數' : 將 'double' 轉換為 'float'，由於型別不同，可能導致資料遺失
     1>d:\computergraphics\cg_hw2\cg_hw2_framework\cg_hw2\cg_hw2\main.cpp(1215): warning C4244: '引數' : 將 'double' 轉換為 'float'，由於型別不同，可能導致資料遺失
     1>d:\computergraphics\cg_hw2\cg_hw2_framework\cg_hw2\cg_hw2\main.cpp(1215): warning C4244: '引數' : 將 'double' 轉換為 'float'，由於型別不同，可能導致資料遺失
     1>d:\computergraphics\cg_hw2\cg_hw2_framework\cg_hw2\cg_hw2\main.cpp(1216): warning C4305: '引數' : 從 'double' 轉換為 'float'，是由較大的型別轉換為較小的型別，可能導致資料遺失
     1>d:\computergraphics\cg_hw2\cg_hw2_framework\cg_hw2\cg_hw2\main.cpp(1222): warning C4244: '引數' : 將 'double' 轉換為 'float'，由於型別不同，可能導致資料遺失
     1>d:\computergraphics\cg_hw2\cg_hw2_framework\cg_hw2\cg_hw2\main.cpp(1222): warning C4244: '引數' : 將 'double' 轉換為 'float'，由於型別不同，可能導致資料遺失
     1>d:\computergraphics\cg_hw2\cg_hw2_framework\cg_hw2\cg_hw2\main.cpp(1222): warning C4244: '引數' : 將 'double' 轉換為 'float'，由於型別不同，可能導致資料遺失
     1>d:\computergraphics\cg_hw2\cg_hw2_framework\cg_hw2\cg_hw2\main.cpp(1223): warning C4305: '引數' : 從 'double' 轉換為 'float'，是由較大的型別轉換為較小的型別，可能導致資料遺失
     1>d:\computergraphics\cg_hw2\cg_hw2_framework\cg_hw2\cg_hw2\main.cpp(1227): warning C4244: '引數' : 將 'double' 轉換為 'float'，由於型別不同，可能導致資料遺失
     1>d:\computergraphics\cg_hw2\cg_hw2_framework\cg_hw2\cg_hw2\main.cpp(1227): warning C4244: '引數' : 將 'double' 轉換為 'float'，由於型別不同，可能導致資料遺失
     1>d:\computergraphics\cg_hw2\cg_hw2_framework\cg_hw2\cg_hw2\main.cpp(1227): warning C4244: '引數' : 將 'double' 轉換為 'float'，由於型別不同，可能導致資料遺失
     1>d:\computergraphics\cg_hw2\cg_hw2_framework\cg_hw2\cg_hw2\main.cpp(1228): warning C4305: '引數' : 從 'double' 轉換為 'float'，是由較大的型別轉換為較小的型別，可能導致資料遺失
     1>d:\computergraphics\cg_hw2\cg_hw2_framework\cg_hw2\cg_hw2\main.cpp(1232): warning C4244: '引數' : 將 'double' 轉換為 'float'，由於型別不同，可能導致資料遺失
     1>d:\computergraphics\cg_hw2\cg_hw2_framework\cg_hw2\cg_hw2\main.cpp(1232): warning C4244: '引數' : 將 'double' 轉換為 'float'，由於型別不同，可能導致資料遺失
     1>d:\computergraphics\cg_hw2\cg_hw2_framework\cg_hw2\cg_hw2\main.cpp(1232): warning C4244: '引數' : 將 'double' 轉換為 'float'，由於型別不同，可能導致資料遺失
     1>d:\computergraphics\cg_hw2\cg_hw2_framework\cg_hw2\cg_hw2\main.cpp(1233): warning C4305: '引數' : 從 'double' 轉換為 'float'，是由較大的型別轉換為較小的型別，可能導致資料遺失
     1>d:\computergraphics\cg_hw2\cg_hw2_framework\cg_hw2\cg_hw2\main.cpp(1239): warning C4305: '引數' : 從 'double' 轉換為 'float'，是由較大的型別轉換為較小的型別，可能導致資料遺失
     1>d:\computergraphics\cg_hw2\cg_hw2_framework\cg_hw2\cg_hw2\main.cpp(1239): warning C4305: '+=' : 從 'double' 轉換為 'GLfloat'，是由較大的型別轉換為較小的型別，可能導致資料遺失
     1>d:\computergraphics\cg_hw2\cg_hw2_framework\cg_hw2\cg_hw2\main.cpp(1240): warning C4305: '引數' : 從 'double' 轉換為 'float'，是由較大的型別轉換為較小的型別，可能導致資料遺失
     1>d:\computergraphics\cg_hw2\cg_hw2_framework\cg_hw2\cg_hw2\main.cpp(1240): warning C4305: '+=' : 從 'double' 轉換為 'GLfloat'，是由較大的型別轉換為較小的型別，可能導致資料遺失
     1>d:\computergraphics\cg_hw2\cg_hw2_framework\cg_hw2\cg_hw2\main.cpp(1241): warning C4305: '引數' : 從 'double' 轉換為 'float'，是由較大的型別轉換為較小的型別，可能導致資料遺失
     1>d:\computergraphics\cg_hw2\cg_hw2_framework\cg_hw2\cg_hw2\main.cpp(1241): warning C4305: '+=' : 從 'double' 轉換為 'GLfloat'，是由較大的型別轉換為較小的型別，可能導致資料遺失
     1>d:\computergraphics\cg_hw2\cg_hw2_framework\cg_hw2\cg_hw2\main.cpp(1244): warning C4305: '+=' : 從 'double' 轉換為 'float'，是由較大的型別轉換為較小的型別，可能導致資料遺失
     1>d:\computergraphics\cg_hw2\cg_hw2_framework\cg_hw2\cg_hw2\main.cpp(1254): warning C4244: '=' : 將 'double' 轉換為 'float'，由於型別不同，可能導致資料遺失
     1>d:\computergraphics\cg_hw2\cg_hw2_framework\cg_hw2\cg_hw2\main.cpp(1255): warning C4244: '=' : 將 'double' 轉換為 'float'，由於型別不同，可能導致資料遺失
     1>d:\computergraphics\cg_hw2\cg_hw2_framework\cg_hw2\cg_hw2\main.cpp(1256): warning C4244: '=' : 將 'double' 轉換為 'float'，由於型別不同，可能導致資料遺失
     1>d:\computergraphics\cg_hw2\cg_hw2_framework\cg_hw2\cg_hw2\main.cpp(1261): warning C4244: '=' : 將 'double' 轉換為 'float'，由於型別不同，可能導致資料遺失
     1>d:\computergraphics\cg_hw2\cg_hw2_framework\cg_hw2\cg_hw2\main.cpp(1262): warning C4244: '=' : 將 'double' 轉換為 'float'，由於型別不同，可能導致資料遺失
     1>d:\computergraphics\cg_hw2\cg_hw2_framework\cg_hw2\cg_hw2\main.cpp(1263): warning C4244: '=' : 將 'double' 轉換為 'float'，由於型別不同，可能導致資料遺失
     1>d:\computergraphics\cg_hw2\cg_hw2_framework\cg_hw2\cg_hw2\main.cpp(1271): warning C4244: '=' : 將 'double' 轉換為 'float'，由於型別不同，可能導致資料遺失
     1>d:\computergraphics\cg_hw2\cg_hw2_framework\cg_hw2\cg_hw2\main.cpp(1275): warning C4305: '+=' : 從 'double' 轉換為 'float'，是由較大的型別轉換為較小的型別，可能導致資料遺失
     1>d:\computergraphics\cg_hw2\cg_hw2_framework\cg_hw2\cg_hw2\main.cpp(1285): warning C4244: '=' : 將 'double' 轉換為 'float'，由於型別不同，可能導致資料遺失
     1>d:\computergraphics\cg_hw2\cg_hw2_framework\cg_hw2\cg_hw2\main.cpp(1286): warning C4244: '=' : 將 'double' 轉換為 'float'，由於型別不同，可能導致資料遺失
     1>d:\computergraphics\cg_hw2\cg_hw2_framework\cg_hw2\cg_hw2\main.cpp(1287): warning C4244: '=' : 將 'double' 轉換為 'float'，由於型別不同，可能導致資料遺失
     1>d:\computergraphics\cg_hw2\cg_hw2_framework\cg_hw2\cg_hw2\main.cpp(1292): warning C4244: '=' : 將 'double' 轉換為 'float'，由於型別不同，可能導致資料遺失
     1>d:\computergraphics\cg_hw2\cg_hw2_framework\cg_hw2\cg_hw2\main.cpp(1293): warning C4244: '=' : 將 'double' 轉換為 'float'，由於型別不同，可能導致資料遺失
     1>d:\computergraphics\cg_hw2\cg_hw2_framework\cg_hw2\cg_hw2\main.cpp(1294): warning C4244: '=' : 將 'double' 轉換為 'float'，由於型別不同，可能導致資料遺失
     1>d:\computergraphics\cg_hw2\cg_hw2_framework\cg_hw2\cg_hw2\main.cpp(1302): warning C4244: '=' : 將 'double' 轉換為 'float'，由於型別不同，可能導致資料遺失
     1>d:\computergraphics\cg_hw2\cg_hw2_framework\cg_hw2\cg_hw2\main.cpp(1306): warning C4305: '+=' : 從 'double' 轉換為 'float'，是由較大的型別轉換為較小的型別，可能導致資料遺失
     1>d:\computergraphics\cg_hw2\cg_hw2_framework\cg_hw2\cg_hw2\main.cpp(1316): warning C4244: '=' : 將 'double' 轉換為 'float'，由於型別不同，可能導致資料遺失
     1>d:\computergraphics\cg_hw2\cg_hw2_framework\cg_hw2\cg_hw2\main.cpp(1317): warning C4244: '=' : 將 'double' 轉換為 'float'，由於型別不同，可能導致資料遺失
     1>d:\computergraphics\cg_hw2\cg_hw2_framework\cg_hw2\cg_hw2\main.cpp(1318): warning C4244: '=' : 將 'double' 轉換為 'float'，由於型別不同，可能導致資料遺失
     1>d:\computergraphics\cg_hw2\cg_hw2_framework\cg_hw2\cg_hw2\main.cpp(1323): warning C4244: '=' : 將 'double' 轉換為 'float'，由於型別不同，可能導致資料遺失
     1>d:\computergraphics\cg_hw2\cg_hw2_framework\cg_hw2\cg_hw2\main.cpp(1324): warning C4244: '=' : 將 'double' 轉換為 'float'，由於型別不同，可能導致資料遺失
     1>d:\computergraphics\cg_hw2\cg_hw2_framework\cg_hw2\cg_hw2\main.cpp(1325): warning C4244: '=' : 將 'double' 轉換為 'float'，由於型別不同，可能導致資料遺失
     1>d:\computergraphics\cg_hw2\cg_hw2_framework\cg_hw2\cg_hw2\main.cpp(1333): warning C4244: '=' : 將 'double' 轉換為 'float'，由於型別不同，可能導致資料遺失
     1>d:\computergraphics\cg_hw2\cg_hw2_framework\cg_hw2\cg_hw2\main.cpp(1341): warning C4244: '引數' : 將 'double' 轉換為 'float'，由於型別不同，可能導致資料遺失
     1>d:\computergraphics\cg_hw2\cg_hw2_framework\cg_hw2\cg_hw2\main.cpp(1341): warning C4244: '引數' : 將 'double' 轉換為 'float'，由於型別不同，可能導致資料遺失
     1>d:\computergraphics\cg_hw2\cg_hw2_framework\cg_hw2\cg_hw2\main.cpp(1341): warning C4244: '引數' : 將 'double' 轉換為 'float'，由於型別不同，可能導致資料遺失
     1>d:\computergraphics\cg_hw2\cg_hw2_framework\cg_hw2\cg_hw2\main.cpp(1342): warning C4305: '引數' : 從 'double' 轉換為 'float'，是由較大的型別轉換為較小的型別，可能導致資料遺失
     1>d:\computergraphics\cg_hw2\cg_hw2_framework\cg_hw2\cg_hw2\main.cpp(1346): warning C4244: '引數' : 將 'double' 轉換為 'float'，由於型別不同，可能導致資料遺失
     1>d:\computergraphics\cg_hw2\cg_hw2_framework\cg_hw2\cg_hw2\main.cpp(1346): warning C4244: '引數' : 將 'double' 轉換為 'float'，由於型別不同，可能導致資料遺失
     1>d:\computergraphics\cg_hw2\cg_hw2_framework\cg_hw2\cg_hw2\main.cpp(1346): warning C4244: '引數' : 將 'double' 轉換為 'float'，由於型別不同，可能導致資料遺失
     1>d:\computergraphics\cg_hw2\cg_hw2_framework\cg_hw2\cg_hw2\main.cpp(1347): warning C4305: '引數' : 從 'double' 轉換為 'float'，是由較大的型別轉換為較小的型別，可能導致資料遺失
     1>d:\computergraphics\cg_hw2\cg_hw2_framework\cg_hw2\cg_hw2\main.cpp(1351): warning C4244: '引數' : 將 'double' 轉換為 'float'，由於型別不同，可能導致資料遺失
     1>d:\computergraphics\cg_hw2\cg_hw2_framework\cg_hw2\cg_hw2\main.cpp(1351): warning C4244: '引數' : 將 'double' 轉換為 'float'，由於型別不同，可能導致資料遺失
     1>d:\computergraphics\cg_hw2\cg_hw2_framework\cg_hw2\cg_hw2\main.cpp(1351): warning C4244: '引數' : 將 'double' 轉換為 'float'，由於型別不同，可能導致資料遺失
     1>d:\computergraphics\cg_hw2\cg_hw2_framework\cg_hw2\cg_hw2\main.cpp(1352): warning C4305: '引數' : 從 'double' 轉換為 'float'，是由較大的型別轉換為較小的型別，可能導致資料遺失
     1>d:\computergraphics\cg_hw2\cg_hw2_framework\cg_hw2\cg_hw2\main.cpp(1358): warning C4244: '引數' : 將 'double' 轉換為 'float'，由於型別不同，可能導致資料遺失
     1>d:\computergraphics\cg_hw2\cg_hw2_framework\cg_hw2\cg_hw2\main.cpp(1358): warning C4244: '引數' : 將 'double' 轉換為 'float'，由於型別不同，可能導致資料遺失
     1>d:\computergraphics\cg_hw2\cg_hw2_framework\cg_hw2\cg_hw2\main.cpp(1358): warning C4244: '引數' : 將 'double' 轉換為 'float'，由於型別不同，可能導致資料遺失
     1>d:\computergraphics\cg_hw2\cg_hw2_framework\cg_hw2\cg_hw2\main.cpp(1359): warning C4305: '引數' : 從 'double' 轉換為 'float'，是由較大的型別轉換為較小的型別，可能導致資料遺失
     1>d:\computergraphics\cg_hw2\cg_hw2_framework\cg_hw2\cg_hw2\main.cpp(1363): warning C4244: '引數' : 將 'double' 轉換為 'float'，由於型別不同，可能導致資料遺失
     1>d:\computergraphics\cg_hw2\cg_hw2_framework\cg_hw2\cg_hw2\main.cpp(1363): warning C4244: '引數' : 將 'double' 轉換為 'float'，由於型別不同，可能導致資料遺失
     1>d:\computergraphics\cg_hw2\cg_hw2_framework\cg_hw2\cg_hw2\main.cpp(1363): warning C4244: '引數' : 將 'double' 轉換為 'float'，由於型別不同，可能導致資料遺失
     1>d:\computergraphics\cg_hw2\cg_hw2_framework\cg_hw2\cg_hw2\main.cpp(1364): warning C4305: '引數' : 從 'double' 轉換為 'float'，是由較大的型別轉換為較小的型別，可能導致資料遺失
     1>d:\computergraphics\cg_hw2\cg_hw2_framework\cg_hw2\cg_hw2\main.cpp(1368): warning C4244: '引數' : 將 'double' 轉換為 'float'，由於型別不同，可能導致資料遺失
     1>d:\computergraphics\cg_hw2\cg_hw2_framework\cg_hw2\cg_hw2\main.cpp(1368): warning C4244: '引數' : 將 'double' 轉換為 'float'，由於型別不同，可能導致資料遺失
     1>d:\computergraphics\cg_hw2\cg_hw2_framework\cg_hw2\cg_hw2\main.cpp(1368): warning C4244: '引數' : 將 'double' 轉換為 'float'，由於型別不同，可能導致資料遺失
     1>d:\computergraphics\cg_hw2\cg_hw2_framework\cg_hw2\cg_hw2\main.cpp(1369): warning C4305: '引數' : 從 'double' 轉換為 'float'，是由較大的型別轉換為較小的型別，可能導致資料遺失
     1>d:\computergraphics\cg_hw2\cg_hw2_framework\cg_hw2\cg_hw2\main.cpp(1375): warning C4305: '引數' : 從 'double' 轉換為 'float'，是由較大的型別轉換為較小的型別，可能導致資料遺失
     1>d:\computergraphics\cg_hw2\cg_hw2_framework\cg_hw2\cg_hw2\main.cpp(1375): warning C4305: '+=' : 從 'double' 轉換為 'GLfloat'，是由較大的型別轉換為較小的型別，可能導致資料遺失
     1>d:\computergraphics\cg_hw2\cg_hw2_framework\cg_hw2\cg_hw2\main.cpp(1376): warning C4305: '引數' : 從 'double' 轉換為 'float'，是由較大的型別轉換為較小的型別，可能導致資料遺失
     1>d:\computergraphics\cg_hw2\cg_hw2_framework\cg_hw2\cg_hw2\main.cpp(1376): warning C4305: '+=' : 從 'double' 轉換為 'GLfloat'，是由較大的型別轉換為較小的型別，可能導致資料遺失
     1>d:\computergraphics\cg_hw2\cg_hw2_framework\cg_hw2\cg_hw2\main.cpp(1377): warning C4305: '引數' : 從 'double' 轉換為 'float'，是由較大的型別轉換為較小的型別，可能導致資料遺失
     1>d:\computergraphics\cg_hw2\cg_hw2_framework\cg_hw2\cg_hw2\main.cpp(1377): warning C4305: '+=' : 從 'double' 轉換為 'GLfloat'，是由較大的型別轉換為較小的型別，可能導致資料遺失
     1>d:\computergraphics\cg_hw2\cg_hw2_framework\cg_hw2\cg_hw2\main.cpp(1380): warning C4305: '+=' : 從 'double' 轉換為 'float'，是由較大的型別轉換為較小的型別，可能導致資料遺失
     1>d:\computergraphics\cg_hw2\cg_hw2_framework\cg_hw2\cg_hw2\main.cpp(1390): warning C4244: '=' : 將 'double' 轉換為 'float'，由於型別不同，可能導致資料遺失
     1>d:\computergraphics\cg_hw2\cg_hw2_framework\cg_hw2\cg_hw2\main.cpp(1391): warning C4244: '=' : 將 'double' 轉換為 'float'，由於型別不同，可能導致資料遺失
     1>d:\computergraphics\cg_hw2\cg_hw2_framework\cg_hw2\cg_hw2\main.cpp(1392): warning C4244: '=' : 將 'double' 轉換為 'float'，由於型別不同，可能導致資料遺失
     1>d:\computergraphics\cg_hw2\cg_hw2_framework\cg_hw2\cg_hw2\main.cpp(1397): warning C4244: '=' : 將 'double' 轉換為 'float'，由於型別不同，可能導致資料遺失
     1>d:\computergraphics\cg_hw2\cg_hw2_framework\cg_hw2\cg_hw2\main.cpp(1398): warning C4244: '=' : 將 'double' 轉換為 'float'，由於型別不同，可能導致資料遺失
     1>d:\computergraphics\cg_hw2\cg_hw2_framework\cg_hw2\cg_hw2\main.cpp(1399): warning C4244: '=' : 將 'double' 轉換為 'float'，由於型別不同，可能導致資料遺失
     1>d:\computergraphics\cg_hw2\cg_hw2_framework\cg_hw2\cg_hw2\main.cpp(1407): warning C4244: '=' : 將 'double' 轉換為 'float'，由於型別不同，可能導致資料遺失
     1>d:\computergraphics\cg_hw2\cg_hw2_framework\cg_hw2\cg_hw2\main.cpp(1411): warning C4305: '+=' : 從 'double' 轉換為 'float'，是由較大的型別轉換為較小的型別，可能導致資料遺失
     1>d:\computergraphics\cg_hw2\cg_hw2_framework\cg_hw2\cg_hw2\main.cpp(1422): warning C4244: '=' : 將 'double' 轉換為 'float'，由於型別不同，可能導致資料遺失
     1>d:\computergraphics\cg_hw2\cg_hw2_framework\cg_hw2\cg_hw2\main.cpp(1423): warning C4244: '=' : 將 'double' 轉換為 'float'，由於型別不同，可能導致資料遺失
     1>d:\computergraphics\cg_hw2\cg_hw2_framework\cg_hw2\cg_hw2\main.cpp(1424): warning C4244: '=' : 將 'double' 轉換為 'float'，由於型別不同，可能導致資料遺失
     1>d:\computergraphics\cg_hw2\cg_hw2_framework\cg_hw2\cg_hw2\main.cpp(1429): warning C4244: '=' : 將 'double' 轉換為 'float'，由於型別不同，可能導致資料遺失
     1>d:\computergraphics\cg_hw2\cg_hw2_framework\cg_hw2\cg_hw2\main.cpp(1430): warning C4244: '=' : 將 'double' 轉換為 'float'，由於型別不同，可能導致資料遺失
     1>d:\computergraphics\cg_hw2\cg_hw2_framework\cg_hw2\cg_hw2\main.cpp(1431): warning C4244: '=' : 將 'double' 轉換為 'float'，由於型別不同，可能導致資料遺失
     1>d:\computergraphics\cg_hw2\cg_hw2_framework\cg_hw2\cg_hw2\main.cpp(1439): warning C4244: '=' : 將 'double' 轉換為 'float'，由於型別不同，可能導致資料遺失
     1>d:\computergraphics\cg_hw2\cg_hw2_framework\cg_hw2\cg_hw2\main.cpp(1443): warning C4305: '+=' : 從 'double' 轉換為 'float'，是由較大的型別轉換為較小的型別，可能導致資料遺失
     1>d:\computergraphics\cg_hw2\cg_hw2_framework\cg_hw2\cg_hw2\main.cpp(1454): warning C4244: '=' : 將 'double' 轉換為 'float'，由於型別不同，可能導致資料遺失
     1>d:\computergraphics\cg_hw2\cg_hw2_framework\cg_hw2\cg_hw2\main.cpp(1455): warning C4244: '=' : 將 'double' 轉換為 'float'，由於型別不同，可能導致資料遺失
     1>d:\computergraphics\cg_hw2\cg_hw2_framework\cg_hw2\cg_hw2\main.cpp(1456): warning C4244: '=' : 將 'double' 轉換為 'float'，由於型別不同，可能導致資料遺失
     1>d:\computergraphics\cg_hw2\cg_hw2_framework\cg_hw2\cg_hw2\main.cpp(1461): warning C4244: '=' : 將 'double' 轉換為 'float'，由於型別不同，可能導致資料遺失
     1>d:\computergraphics\cg_hw2\cg_hw2_framework\cg_hw2\cg_hw2\main.cpp(1462): warning C4244: '=' : 將 'double' 轉換為 'float'，由於型別不同，可能導致資料遺失
     1>d:\computergraphics\cg_hw2\cg_hw2_framework\cg_hw2\cg_hw2\main.cpp(1463): warning C4244: '=' : 將 'double' 轉換為 'float'，由於型別不同，可能導致資料遺失
     1>d:\computergraphics\cg_hw2\cg_hw2_framework\cg_hw2\cg_hw2\main.cpp(1471): warning C4244: '=' : 將 'double' 轉換為 'float'，由於型別不同，可能導致資料遺失
     1>d:\computergraphics\cg_hw2\cg_hw2_framework\cg_hw2\cg_hw2\main.cpp(1519): warning C4244: '=' : 將 'double' 轉換為 'float'，由於型別不同，可能導致資料遺失
     1>d:\computergraphics\cg_hw2\cg_hw2_framework\cg_hw2\cg_hw2\main.cpp(1520): warning C4244: '=' : 將 'double' 轉換為 'float'，由於型別不同，可能導致資料遺失
     1>d:\computergraphics\cg_hw2\cg_hw2_framework\cg_hw2\cg_hw2\main.cpp(1521): warning C4244: '=' : 將 'double' 轉換為 'float'，由於型別不同，可能導致資料遺失
     1>d:\computergraphics\cg_hw2\cg_hw2_framework\cg_hw2\cg_hw2\main.cpp(1526): warning C4244: '=' : 將 'double' 轉換為 'float'，由於型別不同，可能導致資料遺失
     1>d:\computergraphics\cg_hw2\cg_hw2_framework\cg_hw2\cg_hw2\main.cpp(1527): warning C4244: '=' : 將 'double' 轉換為 'float'，由於型別不同，可能導致資料遺失
     1>d:\computergraphics\cg_hw2\cg_hw2_framework\cg_hw2\cg_hw2\main.cpp(1528): warning C4244: '=' : 將 'double' 轉換為 'float'，由於型別不同，可能導致資料遺失
     1>d:\computergraphics\cg_hw2\cg_hw2_framework\cg_hw2\cg_hw2\main.cpp(1537): warning C4244: '=' : 將 'double' 轉換為 'float'，由於型別不同，可能導致資料遺失
       Link:
         C:\Program Files (x86)\Microsoft Visual Studio 10.0\VC\bin\link.exe /ERRORREPORT:PROMPT /OUT:"D:\computerGraphics\CG_HW2\CG_HW2_framework\CG_HW2\Debug\CG_HW2.exe" /INCREMENTAL /NOLOGO /LIBPATH:..\..\lib glew32.lib freeglut.lib kernel32.lib user32.lib gdi32.lib winspool.lib comdlg32.lib advapi32.lib shell32.lib ole32.lib oleaut32.lib uuid.lib odbc32.lib odbccp32.lib /MANIFEST /ManifestFile:"Debug\CG_HW2.exe.intermediate.manifest" /MANIFESTUAC:"level='asInvoker' uiAccess='false'" /DEBUG /PDB:"D:\computerGraphics\CG_HW2\CG_HW2_framework\CG_HW2\Debug\CG_HW2.pdb" /SUBSYSTEM:CONSOLE /TLBID:1 /DYNAMICBASE /NXCOMPAT /IMPLIB:"D:\computerGraphics\CG_HW2\CG_HW2_framework\CG_HW2\Debug\CG_HW2.lib" /MACHINE:X86 Debug\glm.obj
         Debug\main.obj
         Debug\MAT.obj
         Debug\Matrices.obj
         Debug\textfile.obj
         Debug\VEC.obj
         CG_HW2.vcxproj -> D:\computerGraphics\CG_HW2\CG_HW2_framework\CG_HW2\Debug\CG_HW2.exe
       Manifest:
         c:\Program Files (x86)\Microsoft SDKs\Windows\v7.0A\bin\mt.exe /nologo /verbose /out:"D:\computerGraphics\CG_HW2\CG_HW2_framework\CG_HW2\Debug\CG_HW2.exe.manifest" /manifest Debug\CG_HW2.exe.intermediate.manifest
       FinalizeBuildStatus:
         正在刪除檔案 "Debug\CG_HW2.unsuccessfulbuild"。
         正在變更時間戳記 "Debug\CG_HW2.lastbuildstate"。
     1>專案 "D:\computerGraphics\CG_HW2\CG_HW2_framework\CG_HW2\CG_HW2\CG_HW2.vcxproj" (build 目標) 建置完成。

建置成功。

經過時間 00:00:01.50
